                      :-) GROMACS - gmx mdrun, 2021.3 (-:

                            GROMACS is written by:
     Andrey Alekseenko              Emile Apol              Rossen Apostolov     
         Paul Bauer           Herman J.C. Berendsen           Par Bjelkmar       
       Christian Blau           Viacheslav Bolnykh             Kevin Boyd        
     Aldert van Buuren           Rudi van Drunen             Anton Feenstra      
    Gilles Gouaillardet             Alan Gray               Gerrit Groenhof      
       Anca Hamuraru            Vincent Hindriksen          M. Eric Irrgang      
      Aleksei Iupinov           Christoph Junghans             Joe Jordan        
    Dimitrios Karkoulis            Peter Kasson                Jiri Kraus        
      Carsten Kutzner              Per Larsson              Justin A. Lemkul     
       Viveca Lindahl            Magnus Lundborg             Erik Marklund       
        Pascal Merz             Pieter Meulenhoff            Teemu Murtola       
        Szilard Pall               Sander Pronk              Roland Schulz       
       Michael Shirts            Alexey Shvetsov             Alfons Sijbers      
       Peter Tieleman              Jon Vincent              Teemu Virolainen     
     Christian Wennberg            Maarten Wolf              Artem Zhmurov       
                           and the project leaders:
        Mark Abraham, Berk Hess, Erik Lindahl, and David van der Spoel

Copyright (c) 1991-2000, University of Groningen, The Netherlands.
Copyright (c) 2001-2019, The GROMACS development team at
Uppsala University, Stockholm University and
the Royal Institute of Technology, Sweden.
check out http://www.gromacs.org for more information.

GROMACS is free software; you can redistribute it and/or modify it
under the terms of the GNU Lesser General Public License
as published by the Free Software Foundation; either version 2.1
of the License, or (at your option) any later version.

GROMACS:      gmx mdrun, version 2021.3
Executable:   /work/y07/shared/apps/core/gromacs/2021.3/bin/gmx_mpi
Data prefix:  /work/y07/shared/apps/core/gromacs/2021.3
Working dir:  /mnt/lustre/a2fs-work2/work/ta059/ta059/kumar/gmx_init
Process ID:   191381
Command line:
  gmx_mpi mdrun -deffnm md_o_1

GROMACS version:    2021.3
Verified release checksum is c5bf577cc74de0e05106b7b6426476abb7f6530be7b4a2c64f637d6a6eca8fcb
Precision:          mixed
Memory model:       64 bit
MPI library:        MPI
OpenMP support:     enabled (GMX_OPENMP_MAX_THREADS = 64)
GPU support:        disabled
SIMD instructions:  AVX2_256
FFT library:        fftw-3.3.8-sse2-avx-avx2-avx2_128
RDTSCP usage:       enabled
TNG support:        enabled
Hwloc support:      disabled
Tracing support:    disabled
C compiler:         /opt/cray/pe/craype/2.7.10/bin/cc GNU 11.2.0
C compiler flags:   -mavx2 -mfma -Wno-missing-field-initializers -fexcess-precision=fast -funroll-all-loops -O3 -DNDEBUG
C++ compiler:       /opt/cray/pe/craype/2.7.10/bin/CC GNU 11.2.0
C++ compiler flags: -mavx2 -mfma -Wno-missing-field-initializers -fexcess-precision=fast -funroll-all-loops -fopenmp -O3 -DNDEBUG


Running on 4 nodes with total 512 cores, 1024 logical cores
  Cores per node:           128
  Logical cores per node:   256
Hardware detected on host nid004091 (the node of MPI rank 0):
  CPU info:
    Vendor: AMD
    Brand:  AMD EPYC 7742 64-Core Processor                
    Family: 23   Model: 49   Stepping: 0
    Features: aes amd apic avx avx2 clfsh cmov cx8 cx16 f16c fma htt lahf misalignsse mmx msr nonstop_tsc pclmuldq pdpe1gb popcnt pse rdrnd rdtscp sha sse2 sse3 sse4a sse4.1 sse4.2 ssse3 x2apic
  Hardware topology: Basic
    Sockets, cores, and logical processors:
      Socket  0: [   0 128] [   1 129] [   2 130] [   3 131] [   4 132] [   5 133] [   6 134] [   7 135] [   8 136] [   9 137] [  10 138] [  11 139] [  12 140] [  13 141] [  14 142] [  15 143] [  16 144] [  17 145] [  18 146] [  19 147] [  20 148] [  21 149] [  22 150] [  23 151] [  24 152] [  25 153] [  26 154] [  27 155] [  28 156] [  29 157] [  30 158] [  31 159] [  32 160] [  33 161] [  34 162] [  35 163] [  36 164] [  37 165] [  38 166] [  39 167] [  40 168] [  41 169] [  42 170] [  43 171] [  44 172] [  45 173] [  46 174] [  47 175] [  48 176] [  49 177] [  50 178] [  51 179] [  52 180] [  53 181] [  54 182] [  55 183] [  56 184] [  57 185] [  58 186] [  59 187] [  60 188] [  61 189] [  62 190] [  63 191]
      Socket  1: [  64 192] [  65 193] [  66 194] [  67 195] [  68 196] [  69 197] [  70 198] [  71 199] [  72 200] [  73 201] [  74 202] [  75 203] [  76 204] [  77 205] [  78 206] [  79 207] [  80 208] [  81 209] [  82 210] [  83 211] [  84 212] [  85 213] [  86 214] [  87 215] [  88 216] [  89 217] [  90 218] [  91 219] [  92 220] [  93 221] [  94 222] [  95 223] [  96 224] [  97 225] [  98 226] [  99 227] [ 100 228] [ 101 229] [ 102 230] [ 103 231] [ 104 232] [ 105 233] [ 106 234] [ 107 235] [ 108 236] [ 109 237] [ 110 238] [ 111 239] [ 112 240] [ 113 241] [ 114 242] [ 115 243] [ 116 244] [ 117 245] [ 118 246] [ 119 247] [ 120 248] [ 121 249] [ 122 250] [ 123 251] [ 124 252] [ 125 253] [ 126 254] [ 127 255]


++++ PLEASE READ AND CITE THE FOLLOWING REFERENCE ++++
M. J. Abraham, T. Murtola, R. Schulz, S. Páll, J. C. Smith, B. Hess, E.
Lindahl
GROMACS: High performance molecular simulations through multi-level
parallelism from laptops to supercomputers
SoftwareX 1 (2015) pp. 19-25
-------- -------- --- Thank You --- -------- --------


++++ PLEASE READ AND CITE THE FOLLOWING REFERENCE ++++
S. Páll, M. J. Abraham, C. Kutzner, B. Hess, E. Lindahl
Tackling Exascale Software Challenges in Molecular Dynamics Simulations with
GROMACS
In S. Markidis & E. Laure (Eds.), Solving Software Challenges for Exascale 8759 (2015) pp. 3-27
-------- -------- --- Thank You --- -------- --------


++++ PLEASE READ AND CITE THE FOLLOWING REFERENCE ++++
S. Pronk, S. Páll, R. Schulz, P. Larsson, P. Bjelkmar, R. Apostolov, M. R.
Shirts, J. C. Smith, P. M. Kasson, D. van der Spoel, B. Hess, and E. Lindahl
GROMACS 4.5: a high-throughput and highly parallel open source molecular
simulation toolkit
Bioinformatics 29 (2013) pp. 845-54
-------- -------- --- Thank You --- -------- --------


++++ PLEASE READ AND CITE THE FOLLOWING REFERENCE ++++
B. Hess and C. Kutzner and D. van der Spoel and E. Lindahl
GROMACS 4: Algorithms for highly efficient, load-balanced, and scalable
molecular simulation
J. Chem. Theory Comput. 4 (2008) pp. 435-447
-------- -------- --- Thank You --- -------- --------


++++ PLEASE READ AND CITE THE FOLLOWING REFERENCE ++++
D. van der Spoel, E. Lindahl, B. Hess, G. Groenhof, A. E. Mark and H. J. C.
Berendsen
GROMACS: Fast, Flexible and Free
J. Comp. Chem. 26 (2005) pp. 1701-1719
-------- -------- --- Thank You --- -------- --------


++++ PLEASE READ AND CITE THE FOLLOWING REFERENCE ++++
E. Lindahl and B. Hess and D. van der Spoel
GROMACS 3.0: A package for molecular simulation and trajectory analysis
J. Mol. Mod. 7 (2001) pp. 306-317
-------- -------- --- Thank You --- -------- --------


++++ PLEASE READ AND CITE THE FOLLOWING REFERENCE ++++
H. J. C. Berendsen, D. van der Spoel and R. van Drunen
GROMACS: A message-passing parallel molecular dynamics implementation
Comp. Phys. Comm. 91 (1995) pp. 43-56
-------- -------- --- Thank You --- -------- --------


++++ PLEASE CITE THE DOI FOR THIS VERSION OF GROMACS ++++
https://doi.org/10.5281/zenodo.5053201
-------- -------- --- Thank You --- -------- --------


The number of OpenMP threads was set by environment variable OMP_NUM_THREADS to 1

Input Parameters:
   integrator                     = md
   tinit                          = 0
   dt                             = 0.002
   nsteps                         = 500000
   init-step                      = 0
   simulation-part                = 1
   mts                            = false
   comm-mode                      = Linear
   nstcomm                        = 100
   bd-fric                        = 0
   ld-seed                        = 1299427071
   emtol                          = 10
   emstep                         = 0.01
   niter                          = 20
   fcstep                         = 0
   nstcgsteep                     = 1000
   nbfgscorr                      = 10
   rtpi                           = 0.05
   nstxout                        = 0
   nstvout                        = 0
   nstfout                        = 0
   nstlog                         = 5000
   nstcalcenergy                  = 100
   nstenergy                      = 5000
   nstxout-compressed             = 5000
   compressed-x-precision         = 1000
   cutoff-scheme                  = Verlet
   nstlist                        = 10
   pbc                            = xyz
   periodic-molecules             = false
   verlet-buffer-tolerance        = 0.005
   rlist                          = 1
   coulombtype                    = PME
   coulomb-modifier               = Potential-shift
   rcoulomb-switch                = 0
   rcoulomb                       = 1
   epsilon-r                      = 1
   epsilon-rf                     = inf
   vdw-type                       = Cut-off
   vdw-modifier                   = Potential-shift
   rvdw-switch                    = 0
   rvdw                           = 1
   DispCorr                       = EnerPres
   table-extension                = 1
   fourierspacing                 = 0.16
   fourier-nx                     = 44
   fourier-ny                     = 44
   fourier-nz                     = 44
   pme-order                      = 4
   ewald-rtol                     = 1e-05
   ewald-rtol-lj                  = 0.001
   lj-pme-comb-rule               = Geometric
   ewald-geometry                 = 0
   epsilon-surface                = 0
   tcoupl                         = V-rescale
   nsttcouple                     = 10
   nh-chain-length                = 0
   print-nose-hoover-chain-variables = false
   pcoupl                         = Parrinello-Rahman
   pcoupltype                     = Isotropic
   nstpcouple                     = 10
   tau-p                          = 2
   compressibility (3x3):
      compressibility[    0]={ 4.50000e-05,  0.00000e+00,  0.00000e+00}
      compressibility[    1]={ 0.00000e+00,  4.50000e-05,  0.00000e+00}
      compressibility[    2]={ 0.00000e+00,  0.00000e+00,  4.50000e-05}
   ref-p (3x3):
      ref-p[    0]={ 1.00000e+00,  0.00000e+00,  0.00000e+00}
      ref-p[    1]={ 0.00000e+00,  1.00000e+00,  0.00000e+00}
      ref-p[    2]={ 0.00000e+00,  0.00000e+00,  1.00000e+00}
   refcoord-scaling               = No
   posres-com (3):
      posres-com[0]= 0.00000e+00
      posres-com[1]= 0.00000e+00
      posres-com[2]= 0.00000e+00
   posres-comB (3):
      posres-comB[0]= 0.00000e+00
      posres-comB[1]= 0.00000e+00
      posres-comB[2]= 0.00000e+00
   QMMM                           = false
qm-opts:
   ngQM                           = 0
   constraint-algorithm           = Lincs
   continuation                   = true
   Shake-SOR                      = false
   shake-tol                      = 0.0001
   lincs-order                    = 4
   lincs-iter                     = 1
   lincs-warnangle                = 30
   nwall                          = 0
   wall-type                      = 9-3
   wall-r-linpot                  = -1
   wall-atomtype[0]               = -1
   wall-atomtype[1]               = -1
   wall-density[0]                = 0
   wall-density[1]                = 0
   wall-ewald-zfac                = 3
   pull                           = false
   awh                            = false
   rotation                       = false
   interactiveMD                  = false
   disre                          = No
   disre-weighting                = Conservative
   disre-mixed                    = false
   dr-fc                          = 1000
   dr-tau                         = 0
   nstdisreout                    = 100
   orire-fc                       = 0
   orire-tau                      = 0
   nstorireout                    = 100
   free-energy                    = no
   cos-acceleration               = 0
   deform (3x3):
      deform[    0]={ 0.00000e+00,  0.00000e+00,  0.00000e+00}
      deform[    1]={ 0.00000e+00,  0.00000e+00,  0.00000e+00}
      deform[    2]={ 0.00000e+00,  0.00000e+00,  0.00000e+00}
   simulated-tempering            = false
   swapcoords                     = no
   userint1                       = 0
   userint2                       = 0
   userint3                       = 0
   userint4                       = 0
   userreal1                      = 0
   userreal2                      = 0
   userreal3                      = 0
   userreal4                      = 0
   applied-forces:
     electric-field:
       x:
         E0                       = 0
         omega                    = 0
         t0                       = 0
         sigma                    = 0
       y:
         E0                       = 0
         omega                    = 0
         t0                       = 0
         sigma                    = 0
       z:
         E0                       = 0
         omega                    = 0
         t0                       = 0
         sigma                    = 0
     density-guided-simulation:
       active                     = false
       group                      = protein
       similarity-measure         = inner-product
       atom-spreading-weight      = unity
       force-constant             = 1e+09
       gaussian-transform-spreading-width = 0.2
       gaussian-transform-spreading-range-in-multiples-of-width = 4
       reference-density-filename = reference.mrc
       nst                        = 1
       normalize-densities        = true
       adaptive-force-scaling     = false
       adaptive-force-scaling-time-constant = 4
       shift-vector               = 
       transformation-matrix      = 
grpopts:
   nrdf:     4920.79     63837.2
   ref-t:         300         300
   tau-t:         0.1         0.1
annealing:          No          No
annealing-npoints:           0           0
   acc:	           0           0           0
   nfreeze:           N           N           N
   energygrp-flags[  0]: 0

Changing nstlist from 10 to 40, rlist from 1 to 1.096


Initializing Domain Decomposition on 512 ranks
Dynamic load balancing: auto
Using update groups, nr 11645, average size 2.9 atoms, max. radius 0.103 nm
Minimum cell size due to atom displacement: 0.349 nm
Initial maximum distances in bonded interactions:
    two-body bonded interactions: 0.443 nm, LJ-14, atoms 1156 1405
  multi-body bonded interactions: 0.443 nm, Ryckaert-Bell., atoms 1156 1405
Minimum cell size due to bonded interactions: 0.488 nm
Scaling the initial minimum size with 1/0.8 (option -dds) = 1.25
Guess for relative PME load: 0.18
Will use 384 particle-particle and 128 PME only ranks
This is a guess, check the performance at the end of the log file
Using 128 separate PME ranks, as guessed by mdrun
Optimizing the DD grid for 384 cells with a minimum initial size of 0.610 nm
The maximum allowed number of cells is: X 11 Y 11 Z 11
Domain decomposition grid 8 x 8 x 6, separate PME ranks 128
PME domain decomposition: 8 x 16 x 1
Interleaving PP and PME ranks
This rank does only particle-particle work.
Domain decomposition rank 0, coordinates 0 0 0

The initial number of communication pulses is: X 2 Y 2 Z 2
The initial domain decomposition cell size is: X 0.87 nm Y 0.87 nm Z 1.16 nm

The maximum allowed distance for atom groups involved in interactions is:
                 non-bonded interactions           1.303 nm
(the following are initial values, they could change due to box deformation)
            two-body bonded interactions  (-rdd)   1.303 nm
          multi-body bonded interactions  (-rdd)   0.868 nm

When dynamic load balancing gets turned on, these settings will change to:
The maximum number of communication pulses is: X 2 Y 2 Z 2
The minimum size for domain decomposition cells is 0.678 nm
The requested allowed shrink of DD cells (option -dds) is: 0.80
The allowed shrink of domain decomposition cells is: X 0.78 Y 0.78 Z 0.59
The maximum allowed distance for atom groups involved in interactions is:
                 non-bonded interactions           1.303 nm
            two-body bonded interactions  (-rdd)   1.303 nm
          multi-body bonded interactions  (-rdd)   0.678 nm
Using two step summing over 4 groups of on average 96.0 ranks


Using 512 MPI processes

Non-default thread affinity set, disabling internal thread affinity

Using 1 OpenMP thread per MPI process

System total charge: -0.000
Will do PME sum in reciprocal space for electrostatic interactions.

++++ PLEASE READ AND CITE THE FOLLOWING REFERENCE ++++
U. Essmann, L. Perera, M. L. Berkowitz, T. Darden, H. Lee and L. G. Pedersen 
A smooth particle mesh Ewald method
J. Chem. Phys. 103 (1995) pp. 8577-8592
-------- -------- --- Thank You --- -------- --------

Using a Gaussian width (1/beta) of 0.320163 nm for Ewald
Potential shift: LJ r^-12: -1.000e+00 r^-6: -1.000e+00, Ewald -1.000e-05
Initialized non-bonded Ewald tables, spacing: 9.33e-04 size: 1073

Generated table with 1048 data points for 1-4 COUL.
Tabscale = 500 points/nm
Generated table with 1048 data points for 1-4 LJ6.
Tabscale = 500 points/nm
Generated table with 1048 data points for 1-4 LJ12.
Tabscale = 500 points/nm
Long Range LJ corr.: <C6> 3.1923e-04


Using SIMD 4x8 nonbonded short-range kernels

Using a dual 4x8 pair-list setup updated with dynamic pruning:
  outer list: updated every 40 steps, buffer 0.096 nm, rlist 1.096 nm
  inner list: updated every 12 steps, buffer 0.003 nm, rlist 1.003 nm
At tolerance 0.005 kJ/mol/ps per atom, equivalent classical 1x1 list would be:
  outer list: updated every 40 steps, buffer 0.211 nm, rlist 1.211 nm
  inner list: updated every 12 steps, buffer 0.048 nm, rlist 1.048 nm

Using geometric Lennard-Jones combination rule

Initializing LINear Constraint Solver

++++ PLEASE READ AND CITE THE FOLLOWING REFERENCE ++++
B. Hess and H. Bekker and H. J. C. Berendsen and J. G. E. M. Fraaije
LINCS: A Linear Constraint Solver for molecular simulations
J. Comp. Chem. 18 (1997) pp. 1463-1472
-------- -------- --- Thank You --- -------- --------

The number of constraints is 959

++++ PLEASE READ AND CITE THE FOLLOWING REFERENCE ++++
S. Miyamoto and P. A. Kollman
SETTLE: An Analytical Version of the SHAKE and RATTLE Algorithms for Rigid
Water Models
J. Comp. Chem. 13 (1992) pp. 952-962
-------- -------- --- Thank You --- -------- --------


Linking all bonded interactions to atoms


Intra-simulation communication will occur every 10 steps.

++++ PLEASE READ AND CITE THE FOLLOWING REFERENCE ++++
G. Bussi, D. Donadio and M. Parrinello
Canonical sampling through velocity rescaling
J. Chem. Phys. 126 (2007) pp. 014101
-------- -------- --- Thank You --- -------- --------

There are: 33876 Atoms
Atom distribution over 384 domains: av 88 stddev 10 min 69 max 112
Center of mass motion removal mode is Linear
We have the following groups for center of mass motion removal:
  0:  rest

Started mdrun on rank 0 Sun May  1 09:49:51 2022

           Step           Time
              0        0.00000

   Energies (kJ/mol)
           Bond          Angle    Proper Dih. Ryckaert-Bell.          LJ-14
    1.45897e+03    3.70110e+03    2.45939e+02    1.80725e+03    2.75782e+03
     Coulomb-14        LJ (SR)  Disper. corr.   Coulomb (SR)   Coul. recip.
    7.78440e+03    9.38922e+04   -4.57066e+03   -6.35928e+05    2.95648e+03
      Potential    Kinetic En.   Total Energy  Conserved En.    Temperature
   -5.25894e+05    8.57686e+04   -4.40126e+05   -4.40106e+05    3.00055e+02
 Pres. DC (bar) Pressure (bar)   Constr. rmsd
   -2.26597e+02    1.08139e+02    2.75450e-06


DD  step 39 load imb.: force 18.7%  pme mesh/force 24.314

DD  step 4999 load imb.: force 24.6%  pme mesh/force 1.346
           Step           Time
           5000       10.00000

   Energies (kJ/mol)
           Bond          Angle    Proper Dih. Ryckaert-Bell.          LJ-14
    1.54851e+03    3.81080e+03    2.52162e+02    1.80911e+03    2.58011e+03
     Coulomb-14        LJ (SR)  Disper. corr.   Coulomb (SR)   Coul. recip.
    7.76386e+03    9.29585e+04   -4.57285e+03   -6.33763e+05    2.96299e+03
      Potential    Kinetic En.   Total Energy  Conserved En.    Temperature
   -5.24650e+05    8.56030e+04   -4.39047e+05   -4.40023e+05    2.99476e+02
 Pres. DC (bar) Pressure (bar)   Constr. rmsd
   -2.26815e+02   -2.63545e+00    2.61144e-06


DD  step 9999 load imb.: force 26.4%  pme mesh/force 1.370
           Step           Time
          10000       20.00000

   Energies (kJ/mol)
           Bond          Angle    Proper Dih. Ryckaert-Bell.          LJ-14
    1.34981e+03    3.91100e+03    2.54274e+02    1.89078e+03    2.70005e+03
     Coulomb-14        LJ (SR)  Disper. corr.   Coulomb (SR)   Coul. recip.
    7.75530e+03    9.32784e+04   -4.55674e+03   -6.34750e+05    2.96982e+03
      Potential    Kinetic En.   Total Energy  Conserved En.    Temperature
   -5.25197e+05    8.58074e+04   -4.39390e+05   -4.39993e+05    3.00191e+02
 Pres. DC (bar) Pressure (bar)   Constr. rmsd
   -2.25221e+02    6.17381e+01    2.56374e-06


DD  step 14999 load imb.: force 24.7%  pme mesh/force 1.341
           Step           Time
          15000       30.00000

   Energies (kJ/mol)
           Bond          Angle    Proper Dih. Ryckaert-Bell.          LJ-14
    1.48748e+03    3.73584e+03    2.11631e+02    1.81351e+03    2.66333e+03
     Coulomb-14        LJ (SR)  Disper. corr.   Coulomb (SR)   Coul. recip.
    7.76031e+03    9.16060e+04   -4.54253e+03   -6.32172e+05    2.86615e+03
      Potential    Kinetic En.   Total Energy  Conserved En.    Temperature
   -5.24570e+05    8.62035e+04   -4.38366e+05   -4.39944e+05    3.01577e+02
 Pres. DC (bar) Pressure (bar)   Constr. rmsd
   -2.23820e+02   -3.38487e+02    2.94223e-06


DD  step 19999 load imb.: force 20.6%  pme mesh/force 1.487
           Step           Time
          20000       40.00000

   Energies (kJ/mol)
           Bond          Angle    Proper Dih. Ryckaert-Bell.          LJ-14
    1.55050e+03    3.82960e+03    2.28727e+02    1.71527e+03    2.70189e+03
     Coulomb-14        LJ (SR)  Disper. corr.   Coulomb (SR)   Coul. recip.
    7.74010e+03    9.44377e+04   -4.55206e+03   -6.34716e+05    2.95614e+03
      Potential    Kinetic En.   Total Energy  Conserved En.    Temperature
   -5.24108e+05    8.63299e+04   -4.37778e+05   -4.39878e+05    3.02019e+02
 Pres. DC (bar) Pressure (bar)   Constr. rmsd
   -2.24759e+02    1.28767e+02    3.07108e-06

step 20720: timed with pme grid 44 44 44, coulomb cutoff 1.000: 15.2 M-cycles
step 20800: timed with pme grid 40 40 40, coulomb cutoff 1.086: 15.8 M-cycles
step 20880: timed with pme grid 36 36 36, coulomb cutoff 1.206: 17.7 M-cycles
step 20960: timed with pme grid 40 40 40, coulomb cutoff 1.086: 14.6 M-cycles
step 21040: timed with pme grid 42 42 42, coulomb cutoff 1.034: 16.5 M-cycles
step 21120: timed with pme grid 44 44 44, coulomb cutoff 1.000: 15.0 M-cycles
step 21200: timed with pme grid 40 40 40, coulomb cutoff 1.086: 14.7 M-cycles
step 21280: timed with pme grid 44 44 44, coulomb cutoff 1.000: 15.1 M-cycles
              optimal pme grid 40 40 40, coulomb cutoff 1.086

DD  step 24999 load imb.: force 32.0%  pme mesh/force 1.027
           Step           Time
          25000       50.00000

   Energies (kJ/mol)
           Bond          Angle    Proper Dih. Ryckaert-Bell.          LJ-14
    1.47906e+03    3.79003e+03    2.51206e+02    1.90970e+03    2.69464e+03
     Coulomb-14        LJ (SR)  Disper. corr.   Coulomb (SR)   Coul. recip.
    7.74187e+03    9.32734e+04   -4.54870e+03   -6.32772e+05    2.26263e+03
      Potential    Kinetic En.   Total Energy  Conserved En.    Temperature
   -5.23918e+05    8.56591e+04   -4.38258e+05   -4.39805e+05    2.99672e+02
 Pres. DC (bar) Pressure (bar)   Constr. rmsd
   -2.24428e+02   -3.69727e+01    2.71026e-06


DD  step 29999 load imb.: force 23.4%  pme mesh/force 1.124
           Step           Time
          30000       60.00000

   Energies (kJ/mol)
           Bond          Angle    Proper Dih. Ryckaert-Bell.          LJ-14
    1.49218e+03    3.88118e+03    2.45072e+02    1.85384e+03    2.68528e+03
     Coulomb-14        LJ (SR)  Disper. corr.   Coulomb (SR)   Coul. recip.
    7.67540e+03    9.37737e+04   -4.54850e+03   -6.33180e+05    2.23703e+03
      Potential    Kinetic En.   Total Energy  Conserved En.    Temperature
   -5.23885e+05    8.53855e+04   -4.38499e+05   -4.39737e+05    2.98715e+02
 Pres. DC (bar) Pressure (bar)   Constr. rmsd
   -2.24409e+02   -1.18589e+01    2.87142e-06


DD  step 34999 load imb.: force 26.1%  pme mesh/force 1.120
           Step           Time
          35000       70.00000

   Energies (kJ/mol)
           Bond          Angle    Proper Dih. Ryckaert-Bell.          LJ-14
    1.50879e+03    3.86199e+03    2.20374e+02    1.74280e+03    2.67462e+03
     Coulomb-14        LJ (SR)  Disper. corr.   Coulomb (SR)   Coul. recip.
    7.69509e+03    9.42983e+04   -4.56032e+03   -6.35308e+05    2.19954e+03
      Potential    Kinetic En.   Total Energy  Conserved En.    Temperature
   -5.25666e+05    8.64043e+04   -4.39262e+05   -4.39662e+05    3.02279e+02
 Pres. DC (bar) Pressure (bar)   Constr. rmsd
   -2.25574e+02    2.22283e+01    2.89467e-06


DD  step 39999 load imb.: force 25.1%  pme mesh/force 1.114
           Step           Time
          40000       80.00000

   Energies (kJ/mol)
           Bond          Angle    Proper Dih. Ryckaert-Bell.          LJ-14
    1.51671e+03    3.83552e+03    2.22460e+02    1.78308e+03    2.54304e+03
     Coulomb-14        LJ (SR)  Disper. corr.   Coulomb (SR)   Coul. recip.
    7.77637e+03    9.36321e+04   -4.55788e+03   -6.35453e+05    2.19332e+03
      Potential    Kinetic En.   Total Energy  Conserved En.    Temperature
   -5.26509e+05    8.59545e+04   -4.40554e+05   -4.39626e+05    3.00705e+02
 Pres. DC (bar) Pressure (bar)   Constr. rmsd
   -2.25333e+02   -1.05256e+02    2.91277e-06


DD  step 44999 load imb.: force 28.4%  pme mesh/force 1.185
           Step           Time
          45000       90.00000

   Energies (kJ/mol)
           Bond          Angle    Proper Dih. Ryckaert-Bell.          LJ-14
    1.50476e+03    3.80949e+03    2.18265e+02    1.68863e+03    2.63071e+03
     Coulomb-14        LJ (SR)  Disper. corr.   Coulomb (SR)   Coul. recip.
    7.71746e+03    9.35039e+04   -4.55090e+03   -6.34042e+05    2.25222e+03
      Potential    Kinetic En.   Total Energy  Conserved En.    Temperature
   -5.25267e+05    8.46557e+04   -4.40611e+05   -4.39538e+05    2.96162e+02
 Pres. DC (bar) Pressure (bar)   Constr. rmsd
   -2.24644e+02   -5.10839e+01    2.75223e-06


DD  step 49999 load imb.: force 24.4%  pme mesh/force 1.134
           Step           Time
          50000      100.00000

   Energies (kJ/mol)
           Bond          Angle    Proper Dih. Ryckaert-Bell.          LJ-14
    1.46412e+03    3.76190e+03    2.76378e+02    1.88789e+03    2.65171e+03
     Coulomb-14        LJ (SR)  Disper. corr.   Coulomb (SR)   Coul. recip.
    7.80066e+03    9.29686e+04   -4.54162e+03   -6.33205e+05    2.13043e+03
      Potential    Kinetic En.   Total Energy  Conserved En.    Temperature
   -5.24805e+05    8.52979e+04   -4.39507e+05   -4.39484e+05    2.98408e+02
 Pres. DC (bar) Pressure (bar)   Constr. rmsd
   -2.23731e+02   -1.93119e+02    2.95552e-06


DD  step 54999 load imb.: force 24.0%  pme mesh/force 1.139
           Step           Time
          55000      110.00000

   Energies (kJ/mol)
           Bond          Angle    Proper Dih. Ryckaert-Bell.          LJ-14
    1.44011e+03    3.81495e+03    2.61755e+02    1.91480e+03    2.74734e+03
     Coulomb-14        LJ (SR)  Disper. corr.   Coulomb (SR)   Coul. recip.
    7.85591e+03    9.35382e+04   -4.56822e+03   -6.34008e+05    2.27171e+03
      Potential    Kinetic En.   Total Energy  Conserved En.    Temperature
   -5.24731e+05    8.59309e+04   -4.38800e+05   -4.39418e+05    3.00623e+02
 Pres. DC (bar) Pressure (bar)   Constr. rmsd
   -2.26355e+02    1.52649e+02    2.78079e-06


DD  step 59999 load imb.: force 21.4%  pme mesh/force 1.179
           Step           Time
          60000      120.00000

   Energies (kJ/mol)
           Bond          Angle    Proper Dih. Ryckaert-Bell.          LJ-14
    1.53037e+03    3.96541e+03    2.38134e+02    1.79564e+03    2.56530e+03
     Coulomb-14        LJ (SR)  Disper. corr.   Coulomb (SR)   Coul. recip.
    7.78268e+03    9.45304e+04   -4.56029e+03   -6.34485e+05    2.17377e+03
      Potential    Kinetic En.   Total Energy  Conserved En.    Temperature
   -5.24464e+05    8.55775e+04   -4.38886e+05   -4.39370e+05    2.99386e+02
 Pres. DC (bar) Pressure (bar)   Constr. rmsd
   -2.25571e+02    1.04457e+02    2.94075e-06


DD  step 64999 load imb.: force 23.0%  pme mesh/force 1.168
           Step           Time
          65000      130.00000

   Energies (kJ/mol)
           Bond          Angle    Proper Dih. Ryckaert-Bell.          LJ-14
    1.47163e+03    3.68712e+03    2.18258e+02    1.84095e+03    2.63810e+03
     Coulomb-14        LJ (SR)  Disper. corr.   Coulomb (SR)   Coul. recip.
    7.84188e+03    9.37767e+04   -4.54676e+03   -6.35138e+05    2.20004e+03
      Potential    Kinetic En.   Total Energy  Conserved En.    Temperature
   -5.26010e+05    8.54480e+04   -4.40562e+05   -4.39325e+05    2.98934e+02
 Pres. DC (bar) Pressure (bar)   Constr. rmsd
   -2.24237e+02   -1.79289e+02    3.13329e-06


DD  step 69999 load imb.: force 26.6%  pme mesh/force 1.177
           Step           Time
          70000      140.00000

   Energies (kJ/mol)
           Bond          Angle    Proper Dih. Ryckaert-Bell.          LJ-14
    1.48516e+03    3.96518e+03    2.54558e+02    1.83519e+03    2.57432e+03
     Coulomb-14        LJ (SR)  Disper. corr.   Coulomb (SR)   Coul. recip.
    7.80614e+03    9.35816e+04   -4.57109e+03   -6.34308e+05    2.21812e+03
      Potential    Kinetic En.   Total Energy  Conserved En.    Temperature
   -5.25159e+05    8.53337e+04   -4.39825e+05   -4.39236e+05    2.98534e+02
 Pres. DC (bar) Pressure (bar)   Constr. rmsd
   -2.26640e+02   -5.82872e+01    2.92368e-06


DD  step 74999 load imb.: force 21.7%  pme mesh/force 1.132
           Step           Time
          75000      150.00000

   Energies (kJ/mol)
           Bond          Angle    Proper Dih. Ryckaert-Bell.          LJ-14
    1.44773e+03    3.83536e+03    2.31154e+02    1.84047e+03    2.70517e+03
     Coulomb-14        LJ (SR)  Disper. corr.   Coulomb (SR)   Coul. recip.
    7.81118e+03    9.38367e+04   -4.56738e+03   -6.34819e+05    2.12902e+03
      Potential    Kinetic En.   Total Energy  Conserved En.    Temperature
   -5.25550e+05    8.65393e+04   -4.39011e+05   -4.39205e+05    3.02751e+02
 Pres. DC (bar) Pressure (bar)   Constr. rmsd
   -2.26272e+02    1.36329e+01    2.80450e-06


DD  step 79999 load imb.: force 27.4%  pme mesh/force 1.123
           Step           Time
          80000      160.00000

   Energies (kJ/mol)
           Bond          Angle    Proper Dih. Ryckaert-Bell.          LJ-14
    1.49252e+03    3.62577e+03    2.47247e+02    1.82682e+03    2.66213e+03
     Coulomb-14        LJ (SR)  Disper. corr.   Coulomb (SR)   Coul. recip.
    7.73965e+03    9.29852e+04   -4.55713e+03   -6.33634e+05    2.17259e+03
      Potential    Kinetic En.   Total Energy  Conserved En.    Temperature
   -5.25439e+05    8.61603e+04   -4.39279e+05   -4.39136e+05    3.01425e+02
 Pres. DC (bar) Pressure (bar)   Constr. rmsd
   -2.25259e+02   -1.28530e+02    3.27024e-06


DD  step 84999 load imb.: force 27.1%  pme mesh/force 1.096
           Step           Time
          85000      170.00000

   Energies (kJ/mol)
           Bond          Angle    Proper Dih. Ryckaert-Bell.          LJ-14
    1.44255e+03    3.91653e+03    2.50760e+02    1.82559e+03    2.69040e+03
     Coulomb-14        LJ (SR)  Disper. corr.   Coulomb (SR)   Coul. recip.
    7.75777e+03    9.30995e+04   -4.55392e+03   -6.31854e+05    2.22580e+03
      Potential    Kinetic En.   Total Energy  Conserved En.    Temperature
   -5.23199e+05    8.58156e+04   -4.37383e+05   -4.39054e+05    3.00220e+02
 Pres. DC (bar) Pressure (bar)   Constr. rmsd
   -2.24942e+02    4.16942e+01    3.05216e-06


DD  step 89999 load imb.: force 29.7%  pme mesh/force 1.080
           Step           Time
          90000      180.00000

   Energies (kJ/mol)
           Bond          Angle    Proper Dih. Ryckaert-Bell.          LJ-14
    1.49807e+03    3.84261e+03    2.89312e+02    1.82358e+03    2.67193e+03
     Coulomb-14        LJ (SR)  Disper. corr.   Coulomb (SR)   Coul. recip.
    7.71966e+03    9.29629e+04   -4.56508e+03   -6.33640e+05    2.20783e+03
      Potential    Kinetic En.   Total Energy  Conserved En.    Temperature
   -5.25189e+05    8.59221e+04   -4.39267e+05   -4.38981e+05    3.00592e+02
 Pres. DC (bar) Pressure (bar)   Constr. rmsd
   -2.26045e+02   -6.69325e+01    2.76376e-06


DD  step 94999 load imb.: force 25.4%  pme mesh/force 1.101
           Step           Time
          95000      190.00000

   Energies (kJ/mol)
           Bond          Angle    Proper Dih. Ryckaert-Bell.          LJ-14
    1.47080e+03    3.74715e+03    2.73483e+02    1.78465e+03    2.70325e+03
     Coulomb-14        LJ (SR)  Disper. corr.   Coulomb (SR)   Coul. recip.
    7.89662e+03    9.31183e+04   -4.54827e+03   -6.34238e+05    2.21002e+03
      Potential    Kinetic En.   Total Energy  Conserved En.    Temperature
   -5.25582e+05    8.59237e+04   -4.39658e+05   -4.38926e+05    3.00598e+02
 Pres. DC (bar) Pressure (bar)   Constr. rmsd
   -2.24385e+02   -5.60993e+01    2.77342e-06


DD  step 99999 load imb.: force 27.1%  pme mesh/force 1.161
           Step           Time
         100000      200.00000

   Energies (kJ/mol)
           Bond          Angle    Proper Dih. Ryckaert-Bell.          LJ-14
    1.35704e+03    3.70060e+03    2.71391e+02    1.79007e+03    2.66443e+03
     Coulomb-14        LJ (SR)  Disper. corr.   Coulomb (SR)   Coul. recip.
    7.80099e+03    9.39013e+04   -4.54343e+03   -6.35213e+05    2.17809e+03
      Potential    Kinetic En.   Total Energy  Conserved En.    Temperature
   -5.26092e+05    8.54480e+04   -4.40644e+05   -4.38860e+05    2.98933e+02
 Pres. DC (bar) Pressure (bar)   Constr. rmsd
   -2.23909e+02   -9.04237e+01    3.08928e-06


DD  step 104999 load imb.: force 26.4%  pme mesh/force 1.101
           Step           Time
         105000      210.00000

   Energies (kJ/mol)
           Bond          Angle    Proper Dih. Ryckaert-Bell.          LJ-14
    1.44843e+03    3.67471e+03    2.60329e+02    1.82898e+03    2.59383e+03
     Coulomb-14        LJ (SR)  Disper. corr.   Coulomb (SR)   Coul. recip.
    7.77934e+03    9.44340e+04   -4.55564e+03   -6.35136e+05    2.17890e+03
      Potential    Kinetic En.   Total Energy  Conserved En.    Temperature
   -5.25493e+05    8.54626e+04   -4.40030e+05   -4.38800e+05    2.98985e+02
 Pres. DC (bar) Pressure (bar)   Constr. rmsd
   -2.25112e+02    1.99891e+01    3.35846e-06


DD  step 109999 load imb.: force 36.2%  pme mesh/force 1.103
           Step           Time
         110000      220.00000

   Energies (kJ/mol)
           Bond          Angle    Proper Dih. Ryckaert-Bell.          LJ-14
    1.47603e+03    3.67388e+03    2.44727e+02    1.71667e+03    2.70089e+03
     Coulomb-14        LJ (SR)  Disper. corr.   Coulomb (SR)   Coul. recip.
    7.77269e+03    9.40215e+04   -4.56934e+03   -6.35331e+05    2.18015e+03
      Potential    Kinetic En.   Total Energy  Conserved En.    Temperature
   -5.26114e+05    8.52590e+04   -4.40855e+05   -4.38717e+05    2.98272e+02
 Pres. DC (bar) Pressure (bar)   Constr. rmsd
   -2.26467e+02    7.57917e+01    2.84192e-06


DD  step 114999 load imb.: force 25.8%  pme mesh/force 1.101
           Step           Time
         115000      230.00000

   Energies (kJ/mol)
           Bond          Angle    Proper Dih. Ryckaert-Bell.          LJ-14
    1.40848e+03    3.69791e+03    2.40466e+02    1.80293e+03    2.69596e+03
     Coulomb-14        LJ (SR)  Disper. corr.   Coulomb (SR)   Coul. recip.
    7.81061e+03    9.45206e+04   -4.55370e+03   -6.34936e+05    2.27440e+03
      Potential    Kinetic En.   Total Energy  Conserved En.    Temperature
   -5.25039e+05    8.58433e+04   -4.39195e+05   -4.38659e+05    3.00316e+02
 Pres. DC (bar) Pressure (bar)   Constr. rmsd
   -2.24921e+02    6.29969e+01    2.65865e-06


DD  step 119999 load imb.: force 29.1%  pme mesh/force 1.130
           Step           Time
         120000      240.00000

   Energies (kJ/mol)
           Bond          Angle    Proper Dih. Ryckaert-Bell.          LJ-14
    1.54878e+03    3.92738e+03    2.42845e+02    1.76642e+03    2.64790e+03
     Coulomb-14        LJ (SR)  Disper. corr.   Coulomb (SR)   Coul. recip.
    7.78630e+03    9.40295e+04   -4.55547e+03   -6.33631e+05    2.23835e+03
      Potential    Kinetic En.   Total Energy  Conserved En.    Temperature
   -5.23999e+05    8.60898e+04   -4.37910e+05   -4.38593e+05    3.01179e+02
 Pres. DC (bar) Pressure (bar)   Constr. rmsd
   -2.25096e+02    3.58452e+01    2.68620e-06


DD  step 124999 load imb.: force 27.4%  pme mesh/force 1.110
           Step           Time
         125000      250.00000

   Energies (kJ/mol)
           Bond          Angle    Proper Dih. Ryckaert-Bell.          LJ-14
    1.57925e+03    3.76888e+03    2.47533e+02    1.80173e+03    2.62178e+03
     Coulomb-14        LJ (SR)  Disper. corr.   Coulomb (SR)   Coul. recip.
    7.75829e+03    9.20749e+04   -4.55051e+03   -6.32255e+05    2.22802e+03
      Potential    Kinetic En.   Total Energy  Conserved En.    Temperature
   -5.24725e+05    8.53255e+04   -4.39400e+05   -4.38522e+05    2.98505e+02
 Pres. DC (bar) Pressure (bar)   Constr. rmsd
   -2.24606e+02   -3.89983e+02    3.06235e-06


DD  step 129999 load imb.: force 25.6%  pme mesh/force 1.115
           Step           Time
         130000      260.00000

   Energies (kJ/mol)
           Bond          Angle    Proper Dih. Ryckaert-Bell.          LJ-14
    1.36416e+03    3.61656e+03    2.50491e+02    1.80843e+03    2.64003e+03
     Coulomb-14        LJ (SR)  Disper. corr.   Coulomb (SR)   Coul. recip.
    7.78684e+03    9.42736e+04   -4.55229e+03   -6.34721e+05    2.21584e+03
      Potential    Kinetic En.   Total Energy  Conserved En.    Temperature
   -5.25317e+05    8.55467e+04   -4.39771e+05   -4.38481e+05    2.99279e+02
 Pres. DC (bar) Pressure (bar)   Constr. rmsd
   -2.24782e+02    8.71452e+01    3.04386e-06


DD  step 134999 load imb.: force 28.2%  pme mesh/force 1.094
           Step           Time
         135000      270.00000

   Energies (kJ/mol)
           Bond          Angle    Proper Dih. Ryckaert-Bell.          LJ-14
    1.36559e+03    3.77205e+03    2.40754e+02    1.75347e+03    2.71790e+03
     Coulomb-14        LJ (SR)  Disper. corr.   Coulomb (SR)   Coul. recip.
    7.78885e+03    9.26423e+04   -4.54045e+03   -6.32630e+05    2.29623e+03
      Potential    Kinetic En.   Total Energy  Conserved En.    Temperature
   -5.24593e+05    8.48478e+04   -4.39746e+05   -4.38368e+05    2.96834e+02
 Pres. DC (bar) Pressure (bar)   Constr. rmsd
   -2.23615e+02   -1.48355e+02    2.71550e-06


DD  step 139999 load imb.: force 28.1%  pme mesh/force 1.104
           Step           Time
         140000      280.00000

   Energies (kJ/mol)
           Bond          Angle    Proper Dih. Ryckaert-Bell.          LJ-14
    1.39777e+03    3.89952e+03    1.91103e+02    1.79418e+03    2.67880e+03
     Coulomb-14        LJ (SR)  Disper. corr.   Coulomb (SR)   Coul. recip.
    7.76197e+03    9.28523e+04   -4.56703e+03   -6.33221e+05    2.23720e+03
      Potential    Kinetic En.   Total Energy  Conserved En.    Temperature
   -5.24975e+05    8.61465e+04   -4.38829e+05   -4.38338e+05    3.01377e+02
 Pres. DC (bar) Pressure (bar)   Constr. rmsd
   -2.26238e+02   -5.65209e+01    3.22060e-06


DD  step 144999 load imb.: force 30.5%  pme mesh/force 1.076
           Step           Time
         145000      290.00000

   Energies (kJ/mol)
           Bond          Angle    Proper Dih. Ryckaert-Bell.          LJ-14
    1.47731e+03    3.84061e+03    2.58834e+02    1.83535e+03    2.67110e+03
     Coulomb-14        LJ (SR)  Disper. corr.   Coulomb (SR)   Coul. recip.
    7.82443e+03    9.23763e+04   -4.55663e+03   -6.32759e+05    2.20272e+03
      Potential    Kinetic En.   Total Energy  Conserved En.    Temperature
   -5.24829e+05    8.65492e+04   -4.38280e+05   -4.38267e+05    3.02786e+02
 Pres. DC (bar) Pressure (bar)   Constr. rmsd
   -2.25210e+02   -2.17456e+02    3.26713e-06


DD  step 149999 load imb.: force 41.5%  pme mesh/force 1.045
           Step           Time
         150000      300.00000

   Energies (kJ/mol)
           Bond          Angle    Proper Dih. Ryckaert-Bell.          LJ-14
    1.45111e+03    3.99473e+03    2.61329e+02    1.79536e+03    2.64874e+03
     Coulomb-14        LJ (SR)  Disper. corr.   Coulomb (SR)   Coul. recip.
    7.80748e+03    9.23451e+04   -4.56801e+03   -6.32321e+05    2.12996e+03
      Potential    Kinetic En.   Total Energy  Conserved En.    Temperature
   -5.24455e+05    8.67937e+04   -4.37661e+05   -4.38194e+05    3.03641e+02
 Pres. DC (bar) Pressure (bar)   Constr. rmsd
   -2.26335e+02   -5.28358e+01    2.92507e-06


DD  step 154999 load imb.: force 31.8%  pme mesh/force 1.052
           Step           Time
         155000      310.00000

   Energies (kJ/mol)
           Bond          Angle    Proper Dih. Ryckaert-Bell.          LJ-14
    1.47332e+03    3.66206e+03    2.63069e+02    1.75791e+03    2.65360e+03
     Coulomb-14        LJ (SR)  Disper. corr.   Coulomb (SR)   Coul. recip.
    7.80961e+03    9.35087e+04   -4.56135e+03   -6.33472e+05    2.16571e+03
      Potential    Kinetic En.   Total Energy  Conserved En.    Temperature
   -5.24739e+05    8.49493e+04   -4.39790e+05   -4.38105e+05    2.97189e+02
 Pres. DC (bar) Pressure (bar)   Constr. rmsd
   -2.25676e+02   -1.18550e+01    2.80688e-06


DD  step 159999 load imb.: force 34.4%  pme mesh/force 1.022
           Step           Time
         160000      320.00000

   Energies (kJ/mol)
           Bond          Angle    Proper Dih. Ryckaert-Bell.          LJ-14
    1.52727e+03    3.96807e+03    2.45517e+02    1.66590e+03    2.65618e+03
     Coulomb-14        LJ (SR)  Disper. corr.   Coulomb (SR)   Coul. recip.
    7.84592e+03    9.40912e+04   -4.54703e+03   -6.34187e+05    2.20008e+03
      Potential    Kinetic En.   Total Energy  Conserved En.    Temperature
   -5.24534e+05    8.64761e+04   -4.38058e+05   -4.38023e+05    3.02530e+02
 Pres. DC (bar) Pressure (bar)   Constr. rmsd
   -2.24263e+02    8.19886e+01    2.70640e-06


DD  step 164999 load imb.: force 40.3%  pme mesh/force 1.079
           Step           Time
         165000      330.00000

   Energies (kJ/mol)
           Bond          Angle    Proper Dih. Ryckaert-Bell.          LJ-14
    1.43238e+03    3.76647e+03    2.68250e+02    1.71338e+03    2.65309e+03
     Coulomb-14        LJ (SR)  Disper. corr.   Coulomb (SR)   Coul. recip.
    7.81673e+03    9.40616e+04   -4.54863e+03   -6.34976e+05    2.13415e+03
      Potential    Kinetic En.   Total Energy  Conserved En.    Temperature
   -5.25679e+05    8.64848e+04   -4.39194e+05   -4.37984e+05    3.02561e+02
 Pres. DC (bar) Pressure (bar)   Constr. rmsd
   -2.24421e+02   -3.00438e+01    3.14125e-06


DD  step 169999 load imb.: force 31.2%  pme mesh/force 1.054
           Step           Time
         170000      340.00000

   Energies (kJ/mol)
           Bond          Angle    Proper Dih. Ryckaert-Bell.          LJ-14
    1.34817e+03    3.67428e+03    2.53262e+02    1.82021e+03    2.69377e+03
     Coulomb-14        LJ (SR)  Disper. corr.   Coulomb (SR)   Coul. recip.
    7.82509e+03    9.25530e+04   -4.56843e+03   -6.33439e+05    2.13368e+03
      Potential    Kinetic En.   Total Energy  Conserved En.    Temperature
   -5.25706e+05    8.44732e+04   -4.41233e+05   -4.37906e+05    2.95523e+02
 Pres. DC (bar) Pressure (bar)   Constr. rmsd
   -2.26377e+02   -1.26027e+02    2.57559e-06


DD  step 174999 load imb.: force 27.3%  pme mesh/force 1.120
           Step           Time
         175000      350.00000

   Energies (kJ/mol)
           Bond          Angle    Proper Dih. Ryckaert-Bell.          LJ-14
    1.49879e+03    3.74758e+03    2.55252e+02    1.67867e+03    2.69591e+03
     Coulomb-14        LJ (SR)  Disper. corr.   Coulomb (SR)   Coul. recip.
    7.79729e+03    9.39049e+04   -4.54481e+03   -6.35003e+05    2.25802e+03
      Potential    Kinetic En.   Total Energy  Conserved En.    Temperature
   -5.25712e+05    8.63047e+04   -4.39407e+05   -4.37843e+05    3.01931e+02
 Pres. DC (bar) Pressure (bar)   Constr. rmsd
   -2.24045e+02   -2.04993e+00    2.75158e-06


DD  step 179999 load imb.: force 24.7%  pme mesh/force 1.133
           Step           Time
         180000      360.00000

   Energies (kJ/mol)
           Bond          Angle    Proper Dih. Ryckaert-Bell.          LJ-14
    1.62654e+03    3.71777e+03    2.56445e+02    1.83442e+03    2.69599e+03
     Coulomb-14        LJ (SR)  Disper. corr.   Coulomb (SR)   Coul. recip.
    7.75823e+03    9.35176e+04   -4.57192e+03   -6.32528e+05    2.22182e+03
      Potential    Kinetic En.   Total Energy  Conserved En.    Temperature
   -5.23471e+05    8.64772e+04   -4.36994e+05   -4.37758e+05    3.02534e+02
 Pres. DC (bar) Pressure (bar)   Constr. rmsd
   -2.26723e+02    2.12304e+02    3.03854e-06


DD  step 184999 load imb.: force 25.5%  pme mesh/force 1.105
           Step           Time
         185000      370.00000

   Energies (kJ/mol)
           Bond          Angle    Proper Dih. Ryckaert-Bell.          LJ-14
    1.47982e+03    3.74596e+03    2.51495e+02    1.86046e+03    2.54354e+03
     Coulomb-14        LJ (SR)  Disper. corr.   Coulomb (SR)   Coul. recip.
    7.69559e+03    9.36115e+04   -4.54881e+03   -6.32998e+05    2.27795e+03
      Potential    Kinetic En.   Total Energy  Conserved En.    Temperature
   -5.24080e+05    8.58822e+04   -4.38198e+05   -4.37705e+05    3.00452e+02
 Pres. DC (bar) Pressure (bar)   Constr. rmsd
   -2.24439e+02   -1.22162e+02    3.37270e-06


DD  step 189999 load imb.: force 23.0%  pme mesh/force 1.125
           Step           Time
         190000      380.00000

   Energies (kJ/mol)
           Bond          Angle    Proper Dih. Ryckaert-Bell.          LJ-14
    1.45075e+03    3.63081e+03    2.59323e+02    1.78915e+03    2.61777e+03
     Coulomb-14        LJ (SR)  Disper. corr.   Coulomb (SR)   Coul. recip.
    7.82864e+03    9.38845e+04   -4.55816e+03   -6.34696e+05    2.21543e+03
      Potential    Kinetic En.   Total Energy  Conserved En.    Temperature
   -5.25578e+05    8.58369e+04   -4.39741e+05   -4.37660e+05    3.00294e+02
 Pres. DC (bar) Pressure (bar)   Constr. rmsd
   -2.25361e+02   -9.90593e+01    2.68878e-06


DD  step 194999 load imb.: force 29.9%  pme mesh/force 1.067
           Step           Time
         195000      390.00000

   Energies (kJ/mol)
           Bond          Angle    Proper Dih. Ryckaert-Bell.          LJ-14
    1.54666e+03    3.65522e+03    2.80267e+02    1.77904e+03    2.64265e+03
     Coulomb-14        LJ (SR)  Disper. corr.   Coulomb (SR)   Coul. recip.
    7.72872e+03    9.42993e+04   -4.56252e+03   -6.35965e+05    2.11112e+03
      Potential    Kinetic En.   Total Energy  Conserved En.    Temperature
   -5.26485e+05    8.56295e+04   -4.40855e+05   -4.37544e+05    2.99569e+02
 Pres. DC (bar) Pressure (bar)   Constr. rmsd
   -2.25792e+02   -4.94582e+01    2.87480e-06


DD  step 199999 load imb.: force 31.0%  pme mesh/force 1.057
           Step           Time
         200000      400.00000

   Energies (kJ/mol)
           Bond          Angle    Proper Dih. Ryckaert-Bell.          LJ-14
    1.39417e+03    3.79926e+03    2.68157e+02    1.84803e+03    2.65657e+03
     Coulomb-14        LJ (SR)  Disper. corr.   Coulomb (SR)   Coul. recip.
    7.80365e+03    9.22469e+04   -4.55353e+03   -6.32627e+05    2.17440e+03
      Potential    Kinetic En.   Total Energy  Conserved En.    Temperature
   -5.24989e+05    8.58919e+04   -4.39097e+05   -4.37498e+05    3.00486e+02
 Pres. DC (bar) Pressure (bar)   Constr. rmsd
   -2.24904e+02   -1.47378e+02    2.83961e-06


DD  step 204999 load imb.: force 24.9%  pme mesh/force 1.151
           Step           Time
         205000      410.00000

   Energies (kJ/mol)
           Bond          Angle    Proper Dih. Ryckaert-Bell.          LJ-14
    1.48475e+03    3.66496e+03    2.61149e+02    1.75090e+03    2.75316e+03
     Coulomb-14        LJ (SR)  Disper. corr.   Coulomb (SR)   Coul. recip.
    7.88204e+03    9.38051e+04   -4.56355e+03   -6.33684e+05    2.17607e+03
      Potential    Kinetic En.   Total Energy  Conserved En.    Temperature
   -5.24469e+05    8.53409e+04   -4.39128e+05   -4.37434e+05    2.98559e+02
 Pres. DC (bar) Pressure (bar)   Constr. rmsd
   -2.25894e+02    2.52595e+02    2.81300e-06


DD  step 209999 load imb.: force 27.3%  pme mesh/force 1.114
           Step           Time
         210000      420.00000

   Energies (kJ/mol)
           Bond          Angle    Proper Dih. Ryckaert-Bell.          LJ-14
    1.52538e+03    3.73921e+03    2.45053e+02    1.82572e+03    2.67413e+03
     Coulomb-14        LJ (SR)  Disper. corr.   Coulomb (SR)   Coul. recip.
    7.82437e+03    9.34048e+04   -4.57875e+03   -6.34652e+05    2.16842e+03
      Potential    Kinetic En.   Total Energy  Conserved En.    Temperature
   -5.25824e+05    8.55863e+04   -4.40238e+05   -4.37353e+05    2.99417e+02
 Pres. DC (bar) Pressure (bar)   Constr. rmsd
   -2.27399e+02   -5.45659e-01    2.76303e-06


DD  step 214999 load imb.: force 26.4%  pme mesh/force 1.140
           Step           Time
         215000      430.00000

   Energies (kJ/mol)
           Bond          Angle    Proper Dih. Ryckaert-Bell.          LJ-14
    1.48134e+03    3.87540e+03    2.83652e+02    1.83340e+03    2.58502e+03
     Coulomb-14        LJ (SR)  Disper. corr.   Coulomb (SR)   Coul. recip.
    7.76193e+03    9.34852e+04   -4.54923e+03   -6.33843e+05    2.15100e+03
      Potential    Kinetic En.   Total Energy  Conserved En.    Temperature
   -5.24935e+05    8.56356e+04   -4.39300e+05   -4.37280e+05    2.99590e+02
 Pres. DC (bar) Pressure (bar)   Constr. rmsd
   -2.24480e+02   -1.23442e+02    2.80231e-06


DD  step 219999 load imb.: force 22.1%  pme mesh/force 1.144
           Step           Time
         220000      440.00000

   Energies (kJ/mol)
           Bond          Angle    Proper Dih. Ryckaert-Bell.          LJ-14
    1.52623e+03    3.97729e+03    2.35764e+02    1.85730e+03    2.78285e+03
     Coulomb-14        LJ (SR)  Disper. corr.   Coulomb (SR)   Coul. recip.
    7.71579e+03    9.37418e+04   -4.55463e+03   -6.32982e+05    2.17244e+03
      Potential    Kinetic En.   Total Energy  Conserved En.    Temperature
   -5.23527e+05    8.63522e+04   -4.37175e+05   -4.37205e+05    3.02097e+02
 Pres. DC (bar) Pressure (bar)   Constr. rmsd
   -2.25013e+02    1.54375e+02    3.06079e-06


DD  step 224999 load imb.: force 26.5%  pme mesh/force 1.109
           Step           Time
         225000      450.00000

   Energies (kJ/mol)
           Bond          Angle    Proper Dih. Ryckaert-Bell.          LJ-14
    1.61075e+03    3.94274e+03    2.70733e+02    1.69378e+03    2.62375e+03
     Coulomb-14        LJ (SR)  Disper. corr.   Coulomb (SR)   Coul. recip.
    7.70057e+03    9.26110e+04   -4.54897e+03   -6.32845e+05    2.19447e+03
      Potential    Kinetic En.   Total Energy  Conserved En.    Temperature
   -5.24746e+05    8.67572e+04   -4.37989e+05   -4.37168e+05    3.03514e+02
 Pres. DC (bar) Pressure (bar)   Constr. rmsd
   -2.24454e+02   -2.63380e+02    2.98244e-06


DD  step 229999 load imb.: force 31.0%  pme mesh/force 1.062
           Step           Time
         230000      460.00000

   Energies (kJ/mol)
           Bond          Angle    Proper Dih. Ryckaert-Bell.          LJ-14
    1.46216e+03    3.77632e+03    2.42155e+02    1.80211e+03    2.68870e+03
     Coulomb-14        LJ (SR)  Disper. corr.   Coulomb (SR)   Coul. recip.
    7.76481e+03    9.54994e+04   -4.55934e+03   -6.36094e+05    2.16922e+03
      Potential    Kinetic En.   Total Energy  Conserved En.    Temperature
   -5.25248e+05    8.61396e+04   -4.39109e+05   -4.37101e+05    3.01353e+02
 Pres. DC (bar) Pressure (bar)   Constr. rmsd
   -2.25478e+02    2.99216e+02    3.02907e-06


DD  step 234999 load imb.: force 25.7%  pme mesh/force 1.112
           Step           Time
         235000      470.00000

   Energies (kJ/mol)
           Bond          Angle    Proper Dih. Ryckaert-Bell.          LJ-14
    1.59807e+03    3.61354e+03    2.35741e+02    1.68547e+03    2.67148e+03
     Coulomb-14        LJ (SR)  Disper. corr.   Coulomb (SR)   Coul. recip.
    7.75176e+03    9.36079e+04   -4.56074e+03   -6.33785e+05    2.22910e+03
      Potential    Kinetic En.   Total Energy  Conserved En.    Temperature
   -5.24953e+05    8.64562e+04   -4.38496e+05   -4.37045e+05    3.02461e+02
 Pres. DC (bar) Pressure (bar)   Constr. rmsd
   -2.25617e+02   -7.05937e+01    3.40715e-06


DD  step 239999 load imb.: force 24.6%  pme mesh/force 1.113
           Step           Time
         240000      480.00000

   Energies (kJ/mol)
           Bond          Angle    Proper Dih. Ryckaert-Bell.          LJ-14
    1.48972e+03    3.69915e+03    2.80968e+02    1.80588e+03    2.65779e+03
     Coulomb-14        LJ (SR)  Disper. corr.   Coulomb (SR)   Coul. recip.
    7.78689e+03    9.35596e+04   -4.56971e+03   -6.33572e+05    2.15940e+03
      Potential    Kinetic En.   Total Energy  Conserved En.    Temperature
   -5.24703e+05    8.64090e+04   -4.38294e+05   -4.36969e+05    3.02295e+02
 Pres. DC (bar) Pressure (bar)   Constr. rmsd
   -2.26503e+02    6.83865e+01    3.00569e-06


DD  step 244999 load imb.: force 22.4%  pme mesh/force 1.126
           Step           Time
         245000      490.00000

   Energies (kJ/mol)
           Bond          Angle    Proper Dih. Ryckaert-Bell.          LJ-14
    1.38427e+03    3.86440e+03    2.59869e+02    1.74236e+03    2.60322e+03
     Coulomb-14        LJ (SR)  Disper. corr.   Coulomb (SR)   Coul. recip.
    7.88037e+03    9.33481e+04   -4.55336e+03   -6.34409e+05    2.17137e+03
      Potential    Kinetic En.   Total Energy  Conserved En.    Temperature
   -5.25708e+05    8.52218e+04   -4.40486e+05   -4.36880e+05    2.98142e+02
 Pres. DC (bar) Pressure (bar)   Constr. rmsd
   -2.24887e+02   -2.84602e+02    2.89601e-06


DD  step 249999 load imb.: force 30.3%  pme mesh/force 1.057
           Step           Time
         250000      500.00000

   Energies (kJ/mol)
           Bond          Angle    Proper Dih. Ryckaert-Bell.          LJ-14
    1.39472e+03    3.74729e+03    2.49949e+02    1.87542e+03    2.67022e+03
     Coulomb-14        LJ (SR)  Disper. corr.   Coulomb (SR)   Coul. recip.
    7.84026e+03    9.35519e+04   -4.58017e+03   -6.33527e+05    2.23430e+03
      Potential    Kinetic En.   Total Energy  Conserved En.    Temperature
   -5.24543e+05    8.57901e+04   -4.38753e+05   -4.36808e+05    3.00130e+02
 Pres. DC (bar) Pressure (bar)   Constr. rmsd
   -2.27541e+02    2.55932e+02    2.83317e-06


DD  step 254999 load imb.: force 26.2%  pme mesh/force 1.164
           Step           Time
         255000      510.00000

   Energies (kJ/mol)
           Bond          Angle    Proper Dih. Ryckaert-Bell.          LJ-14
    1.38466e+03    3.78787e+03    2.21042e+02    1.76366e+03    2.65307e+03
     Coulomb-14        LJ (SR)  Disper. corr.   Coulomb (SR)   Coul. recip.
    7.81060e+03    9.30729e+04   -4.54589e+03   -6.32800e+05    2.19516e+03
      Potential    Kinetic En.   Total Energy  Conserved En.    Temperature
   -5.24457e+05    8.50250e+04   -4.39432e+05   -4.36745e+05    2.97454e+02
 Pres. DC (bar) Pressure (bar)   Constr. rmsd
   -2.24151e+02   -1.35476e+02    2.73148e-06


DD  step 259999 load imb.: force 27.0%  pme mesh/force 1.082
           Step           Time
         260000      520.00000

   Energies (kJ/mol)
           Bond          Angle    Proper Dih. Ryckaert-Bell.          LJ-14
    1.39414e+03    3.70085e+03    2.49117e+02    1.84264e+03    2.73357e+03
     Coulomb-14        LJ (SR)  Disper. corr.   Coulomb (SR)   Coul. recip.
    7.86893e+03    9.39685e+04   -4.58442e+03   -6.34918e+05    2.25052e+03
      Potential    Kinetic En.   Total Energy  Conserved En.    Temperature
   -5.25494e+05    8.59169e+04   -4.39577e+05   -4.36681e+05    3.00574e+02
 Pres. DC (bar) Pressure (bar)   Constr. rmsd
   -2.27963e+02    1.01288e+02    3.05592e-06


DD  step 264999 load imb.: force 23.0%  pme mesh/force 1.124
           Step           Time
         265000      530.00000

   Energies (kJ/mol)
           Bond          Angle    Proper Dih. Ryckaert-Bell.          LJ-14
    1.41965e+03    3.77855e+03    2.47286e+02    1.83100e+03    2.69015e+03
     Coulomb-14        LJ (SR)  Disper. corr.   Coulomb (SR)   Coul. recip.
    7.82961e+03    9.43109e+04   -4.57147e+03   -6.34837e+05    2.22841e+03
      Potential    Kinetic En.   Total Energy  Conserved En.    Temperature
   -5.25073e+05    8.53164e+04   -4.39757e+05   -4.36589e+05    2.98473e+02
 Pres. DC (bar) Pressure (bar)   Constr. rmsd
   -2.26677e+02    8.11997e+01    2.71041e-06


DD  step 269999 load imb.: force 26.3%  pme mesh/force 1.111
           Step           Time
         270000      540.00000

   Energies (kJ/mol)
           Bond          Angle    Proper Dih. Ryckaert-Bell.          LJ-14
    1.43334e+03    3.79138e+03    2.74646e+02    1.80360e+03    2.70391e+03
     Coulomb-14        LJ (SR)  Disper. corr.   Coulomb (SR)   Coul. recip.
    7.89083e+03    9.33232e+04   -4.54297e+03   -6.32696e+05    2.20729e+03
      Potential    Kinetic En.   Total Energy  Conserved En.    Temperature
   -5.23810e+05    8.70461e+04   -4.36764e+05   -4.36557e+05    3.04524e+02
 Pres. DC (bar) Pressure (bar)   Constr. rmsd
   -2.23864e+02    3.02412e+01    3.46764e-06


DD  step 274999 load imb.: force 21.6%  pme mesh/force 1.163
           Step           Time
         275000      550.00000

   Energies (kJ/mol)
           Bond          Angle    Proper Dih. Ryckaert-Bell.          LJ-14
    1.43428e+03    3.87630e+03    2.45247e+02    1.72155e+03    2.69569e+03
     Coulomb-14        LJ (SR)  Disper. corr.   Coulomb (SR)   Coul. recip.
    7.91138e+03    9.30380e+04   -4.55137e+03   -6.32905e+05    2.29985e+03
      Potential    Kinetic En.   Total Energy  Conserved En.    Temperature
   -5.24234e+05    8.56868e+04   -4.38547e+05   -4.36456e+05    2.99769e+02
 Pres. DC (bar) Pressure (bar)   Constr. rmsd
   -2.24691e+02   -1.42692e+02    2.84797e-06


DD  step 279999 load imb.: force 33.7%  pme mesh/force 1.107
           Step           Time
         280000      560.00000

   Energies (kJ/mol)
           Bond          Angle    Proper Dih. Ryckaert-Bell.          LJ-14
    1.48821e+03    3.81066e+03    2.64990e+02    1.86056e+03    2.69254e+03
     Coulomb-14        LJ (SR)  Disper. corr.   Coulomb (SR)   Coul. recip.
    7.81102e+03    9.40903e+04   -4.55949e+03   -6.33416e+05    2.22443e+03
      Potential    Kinetic En.   Total Energy  Conserved En.    Temperature
   -5.23733e+05    8.63165e+04   -4.37416e+05   -4.36384e+05    3.01972e+02
 Pres. DC (bar) Pressure (bar)   Constr. rmsd
   -2.25492e+02    5.71095e+01    2.99026e-06


DD  step 284999 load imb.: force 31.9%  pme mesh/force 1.052
           Step           Time
         285000      570.00000

   Energies (kJ/mol)
           Bond          Angle    Proper Dih. Ryckaert-Bell.          LJ-14
    1.54695e+03    3.74736e+03    2.50607e+02    1.80620e+03    2.63886e+03
     Coulomb-14        LJ (SR)  Disper. corr.   Coulomb (SR)   Coul. recip.
    7.76010e+03    9.30022e+04   -4.55721e+03   -6.34045e+05    2.13562e+03
      Potential    Kinetic En.   Total Energy  Conserved En.    Temperature
   -5.25714e+05    8.53206e+04   -4.40393e+05   -4.36315e+05    2.98488e+02
 Pres. DC (bar) Pressure (bar)   Constr. rmsd
   -2.25267e+02   -1.92107e+02    3.10846e-06


DD  step 289999 load imb.: force 27.3%  pme mesh/force 1.080
           Step           Time
         290000      580.00000

   Energies (kJ/mol)
           Bond          Angle    Proper Dih. Ryckaert-Bell.          LJ-14
    1.39542e+03    3.83119e+03    2.35207e+02    1.74906e+03    2.64778e+03
     Coulomb-14        LJ (SR)  Disper. corr.   Coulomb (SR)   Coul. recip.
    7.79607e+03    9.29608e+04   -4.56237e+03   -6.33210e+05    2.10860e+03
      Potential    Kinetic En.   Total Energy  Conserved En.    Temperature
   -5.25049e+05    8.61540e+04   -4.38895e+05   -4.36280e+05    3.01403e+02
 Pres. DC (bar) Pressure (bar)   Constr. rmsd
   -2.25778e+02   -1.22062e+02    2.99465e-06


DD  step 294999 load imb.: force 24.0%  pme mesh/force 1.124
           Step           Time
         295000      590.00000

   Energies (kJ/mol)
           Bond          Angle    Proper Dih. Ryckaert-Bell.          LJ-14
    1.53364e+03    3.72779e+03    2.36703e+02    1.84077e+03    2.71252e+03
     Coulomb-14        LJ (SR)  Disper. corr.   Coulomb (SR)   Coul. recip.
    7.78157e+03    9.27935e+04   -4.55321e+03   -6.33827e+05    2.24399e+03
      Potential    Kinetic En.   Total Energy  Conserved En.    Temperature
   -5.25510e+05    8.61838e+04   -4.39326e+05   -4.36212e+05    3.01508e+02
 Pres. DC (bar) Pressure (bar)   Constr. rmsd
   -2.24873e+02   -9.56892e+01    3.01388e-06


DD  step 299999 load imb.: force 21.1%  pme mesh/force 1.158
           Step           Time
         300000      600.00000

   Energies (kJ/mol)
           Bond          Angle    Proper Dih. Ryckaert-Bell.          LJ-14
    1.42339e+03    3.58589e+03    2.38750e+02    1.89917e+03    2.67949e+03
     Coulomb-14        LJ (SR)  Disper. corr.   Coulomb (SR)   Coul. recip.
    7.84393e+03    9.41290e+04   -4.58162e+03   -6.35900e+05    2.17791e+03
      Potential    Kinetic En.   Total Energy  Conserved En.    Temperature
   -5.26505e+05    8.63704e+04   -4.40134e+05   -4.36152e+05    3.02160e+02
 Pres. DC (bar) Pressure (bar)   Constr. rmsd
   -2.27684e+02    3.33057e+01    2.63612e-06


DD  step 304999 load imb.: force 24.0%  pme mesh/force 1.131
           Step           Time
         305000      610.00000

   Energies (kJ/mol)
           Bond          Angle    Proper Dih. Ryckaert-Bell.          LJ-14
    1.45025e+03    3.91479e+03    2.75854e+02    1.80275e+03    2.62881e+03
     Coulomb-14        LJ (SR)  Disper. corr.   Coulomb (SR)   Coul. recip.
    7.87606e+03    9.34884e+04   -4.53091e+03   -6.33886e+05    2.22517e+03
      Potential    Kinetic En.   Total Energy  Conserved En.    Temperature
   -5.24755e+05    8.57487e+04   -4.39006e+05   -4.36079e+05    2.99986e+02
 Pres. DC (bar) Pressure (bar)   Constr. rmsd
   -2.22677e+02   -9.51149e+01    3.46882e-06


DD  step 309999 load imb.: force 24.6%  pme mesh/force 1.122
           Step           Time
         310000      620.00000

   Energies (kJ/mol)
           Bond          Angle    Proper Dih. Ryckaert-Bell.          LJ-14
    1.50089e+03    3.87628e+03    2.42456e+02    1.85180e+03    2.61016e+03
     Coulomb-14        LJ (SR)  Disper. corr.   Coulomb (SR)   Coul. recip.
    7.72541e+03    9.54865e+04   -4.55795e+03   -6.35978e+05    2.23771e+03
      Potential    Kinetic En.   Total Energy  Conserved En.    Temperature
   -5.25005e+05    8.61834e+04   -4.38821e+05   -4.35994e+05    3.01506e+02
 Pres. DC (bar) Pressure (bar)   Constr. rmsd
   -2.25341e+02    1.64950e+02    3.14615e-06


DD  step 314999 load imb.: force 24.5%  pme mesh/force 1.141
           Step           Time
         315000      630.00000

   Energies (kJ/mol)
           Bond          Angle    Proper Dih. Ryckaert-Bell.          LJ-14
    1.52564e+03    3.65932e+03    2.43679e+02    1.89780e+03    2.67159e+03
     Coulomb-14        LJ (SR)  Disper. corr.   Coulomb (SR)   Coul. recip.
    7.72356e+03    9.24588e+04   -4.54210e+03   -6.32304e+05    2.17987e+03
      Potential    Kinetic En.   Total Energy  Conserved En.    Temperature
   -5.24486e+05    8.63211e+04   -4.38164e+05   -4.35944e+05    3.01988e+02
 Pres. DC (bar) Pressure (bar)   Constr. rmsd
   -2.23778e+02   -1.17542e+02    2.89320e-06


DD  step 319999 load imb.: force 27.1%  pme mesh/force 1.112
           Step           Time
         320000      640.00000

   Energies (kJ/mol)
           Bond          Angle    Proper Dih. Ryckaert-Bell.          LJ-14
    1.52125e+03    3.66037e+03    2.38191e+02    1.87617e+03    2.62382e+03
     Coulomb-14        LJ (SR)  Disper. corr.   Coulomb (SR)   Coul. recip.
    7.77026e+03    9.32137e+04   -4.56718e+03   -6.33247e+05    2.25866e+03
      Potential    Kinetic En.   Total Energy  Conserved En.    Temperature
   -5.24652e+05    8.68457e+04   -4.37806e+05   -4.35891e+05    3.03823e+02
 Pres. DC (bar) Pressure (bar)   Constr. rmsd
   -2.26253e+02   -1.51205e+02    3.10618e-06


DD  step 324999 load imb.: force 34.7%  pme mesh/force 1.032
           Step           Time
         325000      650.00000

   Energies (kJ/mol)
           Bond          Angle    Proper Dih. Ryckaert-Bell.          LJ-14
    1.39848e+03    3.84297e+03    2.30198e+02    1.80982e+03    2.71974e+03
     Coulomb-14        LJ (SR)  Disper. corr.   Coulomb (SR)   Coul. recip.
    7.81154e+03    9.50180e+04   -4.56550e+03   -6.36221e+05    2.21884e+03
      Potential    Kinetic En.   Total Energy  Conserved En.    Temperature
   -5.25736e+05    8.54407e+04   -4.40296e+05   -4.35810e+05    2.98908e+02
 Pres. DC (bar) Pressure (bar)   Constr. rmsd
   -2.26087e+02    2.52285e+02    2.99137e-06


DD  step 329999 load imb.: force 31.7%  pme mesh/force 1.050
           Step           Time
         330000      660.00000

   Energies (kJ/mol)
           Bond          Angle    Proper Dih. Ryckaert-Bell.          LJ-14
    1.45398e+03    3.80651e+03    2.38168e+02    1.84087e+03    2.67342e+03
     Coulomb-14        LJ (SR)  Disper. corr.   Coulomb (SR)   Coul. recip.
    7.88030e+03    9.43054e+04   -4.56303e+03   -6.34769e+05    2.25122e+03
      Potential    Kinetic En.   Total Energy  Conserved En.    Temperature
   -5.24882e+05    8.54759e+04   -4.39406e+05   -4.35737e+05    2.99031e+02
 Pres. DC (bar) Pressure (bar)   Constr. rmsd
   -2.25843e+02    1.15734e+02    2.95010e-06


DD  step 334999 load imb.: force 28.9%  pme mesh/force 1.075
           Step           Time
         335000      670.00000

   Energies (kJ/mol)
           Bond          Angle    Proper Dih. Ryckaert-Bell.          LJ-14
    1.47269e+03    3.79502e+03    2.65598e+02    1.80049e+03    2.64323e+03
     Coulomb-14        LJ (SR)  Disper. corr.   Coulomb (SR)   Coul. recip.
    7.84981e+03    9.36849e+04   -4.56890e+03   -6.33858e+05    2.15986e+03
      Potential    Kinetic En.   Total Energy  Conserved En.    Temperature
   -5.24755e+05    8.60839e+04   -4.38671e+05   -4.35680e+05    3.01158e+02
 Pres. DC (bar) Pressure (bar)   Constr. rmsd
   -2.26423e+02    6.66395e+01    2.73861e-06


DD  step 339999 load imb.: force 27.7%  pme mesh/force 1.094
           Step           Time
         340000      680.00000

   Energies (kJ/mol)
           Bond          Angle    Proper Dih. Ryckaert-Bell.          LJ-14
    1.55764e+03    3.75326e+03    2.44765e+02    1.82832e+03    2.61230e+03
     Coulomb-14        LJ (SR)  Disper. corr.   Coulomb (SR)   Coul. recip.
    7.73464e+03    9.38112e+04   -4.57163e+03   -6.35080e+05    2.23648e+03
      Potential    Kinetic En.   Total Energy  Conserved En.    Temperature
   -5.25873e+05    8.50202e+04   -4.40853e+05   -4.35592e+05    2.97437e+02
 Pres. DC (bar) Pressure (bar)   Constr. rmsd
   -2.26693e+02    4.35758e-01    2.66205e-06


DD  step 344999 load imb.: force 26.0%  pme mesh/force 1.119
           Step           Time
         345000      690.00000

   Energies (kJ/mol)
           Bond          Angle    Proper Dih. Ryckaert-Bell.          LJ-14
    1.53557e+03    3.77296e+03    2.41307e+02    1.85918e+03    2.70874e+03
     Coulomb-14        LJ (SR)  Disper. corr.   Coulomb (SR)   Coul. recip.
    7.91058e+03    9.45242e+04   -4.55134e+03   -6.34471e+05    2.19400e+03
      Potential    Kinetic En.   Total Energy  Conserved En.    Temperature
   -5.24276e+05    8.57217e+04   -4.38554e+05   -4.35536e+05    2.99891e+02
 Pres. DC (bar) Pressure (bar)   Constr. rmsd
   -2.24688e+02    1.67251e+02    3.13029e-06


DD  step 349999 load imb.: force 24.1%  pme mesh/force 1.123
           Step           Time
         350000      700.00000

   Energies (kJ/mol)
           Bond          Angle    Proper Dih. Ryckaert-Bell.          LJ-14
    1.54708e+03    3.81694e+03    2.39143e+02    1.77933e+03    2.73955e+03
     Coulomb-14        LJ (SR)  Disper. corr.   Coulomb (SR)   Coul. recip.
    7.86874e+03    9.26830e+04   -4.55838e+03   -6.32499e+05    2.24209e+03
      Potential    Kinetic En.   Total Energy  Conserved En.    Temperature
   -5.24141e+05    8.61646e+04   -4.37977e+05   -4.35463e+05    3.01440e+02
 Pres. DC (bar) Pressure (bar)   Constr. rmsd
   -2.25382e+02   -4.11017e+01    3.40663e-06


DD  step 354999 load imb.: force 29.2%  pme mesh/force 1.087
           Step           Time
         355000      710.00000

   Energies (kJ/mol)
           Bond          Angle    Proper Dih. Ryckaert-Bell.          LJ-14
    1.47730e+03    3.74249e+03    2.60157e+02    1.77215e+03    2.70572e+03
     Coulomb-14        LJ (SR)  Disper. corr.   Coulomb (SR)   Coul. recip.
    7.91944e+03    9.32517e+04   -4.56518e+03   -6.33622e+05    2.23836e+03
      Potential    Kinetic En.   Total Energy  Conserved En.    Temperature
   -5.24820e+05    8.55409e+04   -4.39279e+05   -4.35406e+05    2.99258e+02
 Pres. DC (bar) Pressure (bar)   Constr. rmsd
   -2.26055e+02    3.71268e+00    2.90830e-06


DD  step 359999 load imb.: force 32.9%  pme mesh/force 1.190
           Step           Time
         360000      720.00000

   Energies (kJ/mol)
           Bond          Angle    Proper Dih. Ryckaert-Bell.          LJ-14
    1.51267e+03    3.81806e+03    2.93801e+02    1.88221e+03    2.61467e+03
     Coulomb-14        LJ (SR)  Disper. corr.   Coulomb (SR)   Coul. recip.
    7.79074e+03    9.43388e+04   -4.57759e+03   -6.35053e+05    2.16157e+03
      Potential    Kinetic En.   Total Energy  Conserved En.    Temperature
   -5.25218e+05    8.57591e+04   -4.39459e+05   -4.35325e+05    3.00022e+02
 Pres. DC (bar) Pressure (bar)   Constr. rmsd
   -2.27284e+02    5.45695e+01    2.86423e-06


DD  step 364999 load imb.: force 25.9%  pme mesh/force 1.119
           Step           Time
         365000      730.00000

   Energies (kJ/mol)
           Bond          Angle    Proper Dih. Ryckaert-Bell.          LJ-14
    1.52938e+03    3.71605e+03    3.00882e+02    1.88079e+03    2.66644e+03
     Coulomb-14        LJ (SR)  Disper. corr.   Coulomb (SR)   Coul. recip.
    7.80373e+03    9.46659e+04   -4.55005e+03   -6.34977e+05    2.17652e+03
      Potential    Kinetic En.   Total Energy  Conserved En.    Temperature
   -5.24787e+05    8.59972e+04   -4.38790e+05   -4.35272e+05    3.00855e+02
 Pres. DC (bar) Pressure (bar)   Constr. rmsd
   -2.24561e+02    3.98855e+01    2.96321e-06


DD  step 369999 load imb.: force 28.7%  pme mesh/force 1.093
           Step           Time
         370000      740.00000

   Energies (kJ/mol)
           Bond          Angle    Proper Dih. Ryckaert-Bell.          LJ-14
    1.45761e+03    3.87882e+03    2.46486e+02    1.83218e+03    2.63105e+03
     Coulomb-14        LJ (SR)  Disper. corr.   Coulomb (SR)   Coul. recip.
    7.84393e+03    9.19303e+04   -4.55484e+03   -6.32569e+05    2.14885e+03
      Potential    Kinetic En.   Total Energy  Conserved En.    Temperature
   -5.25155e+05    8.53013e+04   -4.39853e+05   -4.35167e+05    2.98420e+02
 Pres. DC (bar) Pressure (bar)   Constr. rmsd
   -2.25034e+02   -2.55455e+02    2.96701e-06


DD  step 374999 load imb.: force 24.2%  pme mesh/force 1.222
           Step           Time
         375000      750.00000

   Energies (kJ/mol)
           Bond          Angle    Proper Dih. Ryckaert-Bell.          LJ-14
    1.41299e+03    3.78697e+03    2.72811e+02    1.90768e+03    2.64181e+03
     Coulomb-14        LJ (SR)  Disper. corr.   Coulomb (SR)   Coul. recip.
    7.92698e+03    9.36417e+04   -4.55005e+03   -6.33235e+05    2.16540e+03
      Potential    Kinetic En.   Total Energy  Conserved En.    Temperature
   -5.24028e+05    8.49192e+04   -4.39109e+05   -4.35106e+05    2.97083e+02
 Pres. DC (bar) Pressure (bar)   Constr. rmsd
   -2.24561e+02   -6.09724e+01    2.92063e-06


DD  step 379999 load imb.: force 26.8%  pme mesh/force 1.119
           Step           Time
         380000      760.00000

   Energies (kJ/mol)
           Bond          Angle    Proper Dih. Ryckaert-Bell.          LJ-14
    1.45682e+03    3.80017e+03    3.06696e+02    1.86024e+03    2.55450e+03
     Coulomb-14        LJ (SR)  Disper. corr.   Coulomb (SR)   Coul. recip.
    7.73094e+03    9.40860e+04   -4.57311e+03   -6.34462e+05    2.14912e+03
      Potential    Kinetic En.   Total Energy  Conserved En.    Temperature
   -5.25091e+05    8.55925e+04   -4.39498e+05   -4.35059e+05    2.99439e+02
 Pres. DC (bar) Pressure (bar)   Constr. rmsd
   -2.26841e+02    6.44043e+01    2.93741e-06


DD  step 384999 load imb.: force 28.1%  pme mesh/force 1.137
           Step           Time
         385000      770.00000

   Energies (kJ/mol)
           Bond          Angle    Proper Dih. Ryckaert-Bell.          LJ-14
    1.49318e+03    3.85486e+03    2.67176e+02    1.87023e+03    2.65217e+03
     Coulomb-14        LJ (SR)  Disper. corr.   Coulomb (SR)   Coul. recip.
    7.82520e+03    9.40884e+04   -4.53652e+03   -6.34309e+05    2.11163e+03
      Potential    Kinetic En.   Total Energy  Conserved En.    Temperature
   -5.24682e+05    8.64947e+04   -4.38188e+05   -4.35018e+05    3.02595e+02
 Pres. DC (bar) Pressure (bar)   Constr. rmsd
   -2.23230e+02   -2.03372e+01    2.88671e-06


DD  step 389999 load imb.: force 22.6%  pme mesh/force 1.137
           Step           Time
         390000      780.00000

   Energies (kJ/mol)
           Bond          Angle    Proper Dih. Ryckaert-Bell.          LJ-14
    1.48776e+03    3.80022e+03    2.48792e+02    1.92578e+03    2.56863e+03
     Coulomb-14        LJ (SR)  Disper. corr.   Coulomb (SR)   Coul. recip.
    7.74469e+03    9.37585e+04   -4.55906e+03   -6.33989e+05    2.23596e+03
      Potential    Kinetic En.   Total Energy  Conserved En.    Temperature
   -5.24778e+05    8.63519e+04   -4.38426e+05   -4.34944e+05    3.02095e+02
 Pres. DC (bar) Pressure (bar)   Constr. rmsd
   -2.25450e+02   -2.63896e+01    2.87740e-06


DD  step 394999 load imb.: force 32.0%  pme mesh/force 1.098
           Step           Time
         395000      790.00000

   Energies (kJ/mol)
           Bond          Angle    Proper Dih. Ryckaert-Bell.          LJ-14
    1.52031e+03    3.66321e+03    2.86006e+02    1.96198e+03    2.65060e+03
     Coulomb-14        LJ (SR)  Disper. corr.   Coulomb (SR)   Coul. recip.
    7.77940e+03    9.39675e+04   -4.54735e+03   -6.33612e+05    2.24469e+03
      Potential    Kinetic En.   Total Energy  Conserved En.    Temperature
   -5.24086e+05    8.68351e+04   -4.37251e+05   -4.34892e+05    3.03786e+02
 Pres. DC (bar) Pressure (bar)   Constr. rmsd
   -2.24295e+02    1.23214e+02    2.92809e-06


DD  step 399999 load imb.: force 23.4%  pme mesh/force 1.115
           Step           Time
         400000      800.00000

   Energies (kJ/mol)
           Bond          Angle    Proper Dih. Ryckaert-Bell.          LJ-14
    1.49610e+03    3.84411e+03    2.53364e+02    1.78712e+03    2.59279e+03
     Coulomb-14        LJ (SR)  Disper. corr.   Coulomb (SR)   Coul. recip.
    7.82939e+03    9.45197e+04   -4.55387e+03   -6.34750e+05    2.15241e+03
      Potential    Kinetic En.   Total Energy  Conserved En.    Temperature
   -5.24829e+05    8.61611e+04   -4.38668e+05   -4.34828e+05    3.01428e+02
 Pres. DC (bar) Pressure (bar)   Constr. rmsd
   -2.24938e+02    1.89259e+02    3.17700e-06


DD  step 404999 load imb.: force 27.7%  pme mesh/force 1.095
           Step           Time
         405000      810.00000

   Energies (kJ/mol)
           Bond          Angle    Proper Dih. Ryckaert-Bell.          LJ-14
    1.32072e+03    3.71063e+03    2.81066e+02    1.87444e+03    2.73679e+03
     Coulomb-14        LJ (SR)  Disper. corr.   Coulomb (SR)   Coul. recip.
    7.90649e+03    9.24354e+04   -4.54119e+03   -6.33814e+05    2.19757e+03
      Potential    Kinetic En.   Total Energy  Conserved En.    Temperature
   -5.25892e+05    8.65277e+04   -4.39364e+05   -4.34782e+05    3.02711e+02
 Pres. DC (bar) Pressure (bar)   Constr. rmsd
   -2.23688e+02   -1.67327e+02    2.95677e-06


DD  step 409999 load imb.: force 25.6%  pme mesh/force 1.110
           Step           Time
         410000      820.00000

   Energies (kJ/mol)
           Bond          Angle    Proper Dih. Ryckaert-Bell.          LJ-14
    1.43714e+03    3.57834e+03    2.36413e+02    1.81908e+03    2.66024e+03
     Coulomb-14        LJ (SR)  Disper. corr.   Coulomb (SR)   Coul. recip.
    7.82316e+03    9.44387e+04   -4.54687e+03   -6.33910e+05    2.20940e+03
      Potential    Kinetic En.   Total Energy  Conserved En.    Temperature
   -5.24254e+05    8.52372e+04   -4.39017e+05   -4.34684e+05    2.98196e+02
 Pres. DC (bar) Pressure (bar)   Constr. rmsd
   -2.24248e+02    1.17399e+01    3.01509e-06


DD  step 414999 load imb.: force 26.1%  pme mesh/force 1.115
           Step           Time
         415000      830.00000

   Energies (kJ/mol)
           Bond          Angle    Proper Dih. Ryckaert-Bell.          LJ-14
    1.38771e+03    3.65663e+03    2.09822e+02    1.85211e+03    2.68326e+03
     Coulomb-14        LJ (SR)  Disper. corr.   Coulomb (SR)   Coul. recip.
    7.79439e+03    9.18781e+04   -4.53572e+03   -6.32428e+05    2.16498e+03
      Potential    Kinetic En.   Total Energy  Conserved En.    Temperature
   -5.25337e+05    8.61656e+04   -4.39172e+05   -4.34642e+05    3.01444e+02
 Pres. DC (bar) Pressure (bar)   Constr. rmsd
   -2.23151e+02   -3.77785e+02    2.87476e-06


DD  step 419999 load imb.: force 26.8%  pme mesh/force 1.226
           Step           Time
         420000      840.00000

   Energies (kJ/mol)
           Bond          Angle    Proper Dih. Ryckaert-Bell.          LJ-14
    1.47287e+03    3.75251e+03    2.76336e+02    1.89405e+03    2.65639e+03
     Coulomb-14        LJ (SR)  Disper. corr.   Coulomb (SR)   Coul. recip.
    7.75822e+03    9.24900e+04   -4.55260e+03   -6.32232e+05    2.22032e+03
      Potential    Kinetic En.   Total Energy  Conserved En.    Temperature
   -5.24264e+05    8.58096e+04   -4.38455e+05   -4.34563e+05    3.00198e+02
 Pres. DC (bar) Pressure (bar)   Constr. rmsd
   -2.24813e+02   -1.93325e+02    3.25517e-06


DD  step 424999 load imb.: force 22.7%  pme mesh/force 1.182
           Step           Time
         425000      850.00000

   Energies (kJ/mol)
           Bond          Angle    Proper Dih. Ryckaert-Bell.          LJ-14
    1.50781e+03    3.87305e+03    2.44950e+02    1.79277e+03    2.65365e+03
     Coulomb-14        LJ (SR)  Disper. corr.   Coulomb (SR)   Coul. recip.
    7.75964e+03    9.31708e+04   -4.56599e+03   -6.33556e+05    2.14604e+03
      Potential    Kinetic En.   Total Energy  Conserved En.    Temperature
   -5.24973e+05    8.64949e+04   -4.38478e+05   -4.34506e+05    3.02596e+02
 Pres. DC (bar) Pressure (bar)   Constr. rmsd
   -2.26135e+02   -2.96312e+01    3.18113e-06


DD  step 429999 load imb.: force 24.3%  pme mesh/force 1.088
           Step           Time
         430000      860.00000

   Energies (kJ/mol)
           Bond          Angle    Proper Dih. Ryckaert-Bell.          LJ-14
    1.48366e+03    3.89507e+03    2.83073e+02    1.81193e+03    2.70286e+03
     Coulomb-14        LJ (SR)  Disper. corr.   Coulomb (SR)   Coul. recip.
    7.79153e+03    9.30729e+04   -4.56035e+03   -6.33160e+05    2.17073e+03
      Potential    Kinetic En.   Total Energy  Conserved En.    Temperature
   -5.24508e+05    8.60366e+04   -4.38472e+05   -4.34443e+05    3.00993e+02
 Pres. DC (bar) Pressure (bar)   Constr. rmsd
   -2.25577e+02    4.00316e+01    2.76193e-06


DD  step 434999 load imb.: force 26.3%  pme mesh/force 1.116
           Step           Time
         435000      870.00000

   Energies (kJ/mol)
           Bond          Angle    Proper Dih. Ryckaert-Bell.          LJ-14
    1.57028e+03    3.76966e+03    2.60552e+02    1.89016e+03    2.66535e+03
     Coulomb-14        LJ (SR)  Disper. corr.   Coulomb (SR)   Coul. recip.
    7.85632e+03    9.46639e+04   -4.55575e+03   -6.35230e+05    2.26228e+03
      Potential    Kinetic En.   Total Energy  Conserved En.    Temperature
   -5.24847e+05    8.58033e+04   -4.39044e+05   -4.34355e+05    3.00176e+02
 Pres. DC (bar) Pressure (bar)   Constr. rmsd
   -2.25123e+02    1.42980e+02    2.88779e-06


DD  step 439999 load imb.: force 27.1%  pme mesh/force 1.101
           Step           Time
         440000      880.00000

   Energies (kJ/mol)
           Bond          Angle    Proper Dih. Ryckaert-Bell.          LJ-14
    1.55758e+03    3.90862e+03    2.41806e+02    1.82192e+03    2.72618e+03
     Coulomb-14        LJ (SR)  Disper. corr.   Coulomb (SR)   Coul. recip.
    7.72020e+03    9.40348e+04   -4.54767e+03   -6.34081e+05    2.20722e+03
      Potential    Kinetic En.   Total Energy  Conserved En.    Temperature
   -5.24411e+05    8.60487e+04   -4.38362e+05   -4.34295e+05    3.01035e+02
 Pres. DC (bar) Pressure (bar)   Constr. rmsd
   -2.24326e+02    2.74395e+01    2.68449e-06


DD  step 444999 load imb.: force 26.9%  pme mesh/force 1.113
           Step           Time
         445000      890.00000

   Energies (kJ/mol)
           Bond          Angle    Proper Dih. Ryckaert-Bell.          LJ-14
    1.44278e+03    3.78548e+03    2.55505e+02    1.78375e+03    2.69046e+03
     Coulomb-14        LJ (SR)  Disper. corr.   Coulomb (SR)   Coul. recip.
    7.81118e+03    9.46302e+04   -4.56217e+03   -6.35272e+05    2.10496e+03
      Potential    Kinetic En.   Total Energy  Conserved En.    Temperature
   -5.25329e+05    8.60073e+04   -4.39322e+05   -4.34259e+05    3.00890e+02
 Pres. DC (bar) Pressure (bar)   Constr. rmsd
   -2.25757e+02    3.01964e+02    2.75356e-06


DD  step 449999 load imb.: force 24.8%  pme mesh/force 1.124
           Step           Time
         450000      900.00000

   Energies (kJ/mol)
           Bond          Angle    Proper Dih. Ryckaert-Bell.          LJ-14
    1.55368e+03    3.80053e+03    2.62347e+02    1.72912e+03    2.64167e+03
     Coulomb-14        LJ (SR)  Disper. corr.   Coulomb (SR)   Coul. recip.
    7.73785e+03    9.31196e+04   -4.58036e+03   -6.32965e+05    2.22389e+03
      Potential    Kinetic En.   Total Energy  Conserved En.    Temperature
   -5.24476e+05    8.63178e+04   -4.38159e+05   -4.34194e+05    3.01976e+02
 Pres. DC (bar) Pressure (bar)   Constr. rmsd
   -2.27559e+02   -4.58928e+01    3.09072e-06


DD  step 454999 load imb.: force 27.5%  pme mesh/force 1.096
           Step           Time
         455000      910.00000

   Energies (kJ/mol)
           Bond          Angle    Proper Dih. Ryckaert-Bell.          LJ-14
    1.53243e+03    3.80950e+03    2.42224e+02    1.77908e+03    2.56324e+03
     Coulomb-14        LJ (SR)  Disper. corr.   Coulomb (SR)   Coul. recip.
    7.77239e+03    9.36663e+04   -4.53931e+03   -6.33687e+05    2.23869e+03
      Potential    Kinetic En.   Total Energy  Conserved En.    Temperature
   -5.24622e+05    8.55501e+04   -4.39072e+05   -4.34119e+05    2.99291e+02
 Pres. DC (bar) Pressure (bar)   Constr. rmsd
   -2.23503e+02   -1.29635e+02    2.80281e-06


DD  step 459999 load imb.: force 28.3%  pme mesh/force 1.083
           Step           Time
         460000      920.00000

   Energies (kJ/mol)
           Bond          Angle    Proper Dih. Ryckaert-Bell.          LJ-14
    1.53458e+03    3.88540e+03    2.62562e+02    1.84276e+03    2.64275e+03
     Coulomb-14        LJ (SR)  Disper. corr.   Coulomb (SR)   Coul. recip.
    7.80320e+03    9.30294e+04   -4.53506e+03   -6.32325e+05    2.34147e+03
      Potential    Kinetic En.   Total Energy  Conserved En.    Temperature
   -5.23518e+05    8.66023e+04   -4.36916e+05   -4.34069e+05    3.02972e+02
 Pres. DC (bar) Pressure (bar)   Constr. rmsd
   -2.23086e+02   -5.10047e+00    2.54534e-06


DD  step 464999 load imb.: force 23.5%  pme mesh/force 1.154
           Step           Time
         465000      930.00000

   Energies (kJ/mol)
           Bond          Angle    Proper Dih. Ryckaert-Bell.          LJ-14
    1.45444e+03    3.78895e+03    2.85078e+02    1.71749e+03    2.77533e+03
     Coulomb-14        LJ (SR)  Disper. corr.   Coulomb (SR)   Coul. recip.
    7.82341e+03    9.31007e+04   -4.54854e+03   -6.33047e+05    2.10787e+03
      Potential    Kinetic En.   Total Energy  Conserved En.    Temperature
   -5.24542e+05    8.67064e+04   -4.37836e+05   -4.34017e+05    3.03336e+02
 Pres. DC (bar) Pressure (bar)   Constr. rmsd
   -2.24412e+02   -7.44150e+01    2.83618e-06


DD  step 469999 load imb.: force 27.8%  pme mesh/force 1.103
           Step           Time
         470000      940.00000

   Energies (kJ/mol)
           Bond          Angle    Proper Dih. Ryckaert-Bell.          LJ-14
    1.36793e+03    3.77133e+03    2.63690e+02    1.80540e+03    2.62321e+03
     Coulomb-14        LJ (SR)  Disper. corr.   Coulomb (SR)   Coul. recip.
    7.77671e+03    9.50536e+04   -4.55340e+03   -6.34355e+05    2.29304e+03
      Potential    Kinetic En.   Total Energy  Conserved En.    Temperature
   -5.23953e+05    8.53476e+04   -4.38606e+05   -4.33940e+05    2.98582e+02
 Pres. DC (bar) Pressure (bar)   Constr. rmsd
   -2.24891e+02    2.57675e+02    3.04297e-06


DD  step 474999 load imb.: force 24.8%  pme mesh/force 1.183
           Step           Time
         475000      950.00000

   Energies (kJ/mol)
           Bond          Angle    Proper Dih. Ryckaert-Bell.          LJ-14
    1.44726e+03    3.57880e+03    2.47678e+02    1.80108e+03    2.62761e+03
     Coulomb-14        LJ (SR)  Disper. corr.   Coulomb (SR)   Coul. recip.
    7.72757e+03    9.27631e+04   -4.55671e+03   -6.33183e+05    2.25514e+03
      Potential    Kinetic En.   Total Energy  Conserved En.    Temperature
   -5.25292e+05    8.55956e+04   -4.39696e+05   -4.33865e+05    2.99450e+02
 Pres. DC (bar) Pressure (bar)   Constr. rmsd
   -2.25218e+02   -2.25663e+02    3.05367e-06


DD  step 479999 load imb.: force 25.8%  pme mesh/force 1.103
           Step           Time
         480000      960.00000

   Energies (kJ/mol)
           Bond          Angle    Proper Dih. Ryckaert-Bell.          LJ-14
    1.47390e+03    3.78253e+03    2.22589e+02    1.73357e+03    2.68197e+03
     Coulomb-14        LJ (SR)  Disper. corr.   Coulomb (SR)   Coul. recip.
    7.89888e+03    9.33552e+04   -4.54005e+03   -6.32534e+05    2.24733e+03
      Potential    Kinetic En.   Total Energy  Conserved En.    Temperature
   -5.23678e+05    8.56983e+04   -4.37979e+05   -4.33782e+05    2.99809e+02
 Pres. DC (bar) Pressure (bar)   Constr. rmsd
   -2.23576e+02   -2.18572e+01    3.17134e-06


DD  step 484999 load imb.: force 23.6%  pme mesh/force 1.140
           Step           Time
         485000      970.00000

   Energies (kJ/mol)
           Bond          Angle    Proper Dih. Ryckaert-Bell.          LJ-14
    1.44428e+03    3.72408e+03    2.39173e+02    1.68728e+03    2.66709e+03
     Coulomb-14        LJ (SR)  Disper. corr.   Coulomb (SR)   Coul. recip.
    7.79799e+03    9.26338e+04   -4.56247e+03   -6.33567e+05    2.19537e+03
      Potential    Kinetic En.   Total Energy  Conserved En.    Temperature
   -5.25741e+05    8.53936e+04   -4.40347e+05   -4.33725e+05    2.98743e+02
 Pres. DC (bar) Pressure (bar)   Constr. rmsd
   -2.25787e+02   -1.46768e+02    2.65073e-06


DD  step 489999 load imb.: force 24.5%  pme mesh/force 1.132
           Step           Time
         490000      980.00000

   Energies (kJ/mol)
           Bond          Angle    Proper Dih. Ryckaert-Bell.          LJ-14
    1.49840e+03    3.76444e+03    2.44085e+02    1.82427e+03    2.73886e+03
     Coulomb-14        LJ (SR)  Disper. corr.   Coulomb (SR)   Coul. recip.
    7.82553e+03    9.27646e+04   -4.54887e+03   -6.32872e+05    2.28238e+03
      Potential    Kinetic En.   Total Energy  Conserved En.    Temperature
   -5.24478e+05    8.62686e+04   -4.38210e+05   -4.33661e+05    3.01804e+02
 Pres. DC (bar) Pressure (bar)   Constr. rmsd
   -2.24444e+02   -1.32941e+02    2.74338e-06


DD  step 494999 load imb.: force 27.0%  pme mesh/force 1.176
           Step           Time
         495000      990.00000

   Energies (kJ/mol)
           Bond          Angle    Proper Dih. Ryckaert-Bell.          LJ-14
    1.43788e+03    3.91684e+03    2.40820e+02    1.71728e+03    2.73796e+03
     Coulomb-14        LJ (SR)  Disper. corr.   Coulomb (SR)   Coul. recip.
    7.81595e+03    9.47234e+04   -4.55411e+03   -6.35401e+05    2.27170e+03
      Potential    Kinetic En.   Total Energy  Conserved En.    Temperature
   -5.25094e+05    8.56328e+04   -4.39461e+05   -4.33574e+05    2.99580e+02
 Pres. DC (bar) Pressure (bar)   Constr. rmsd
   -2.24961e+02    2.26391e+02    3.04440e-06


DD  step 499999 load imb.: force 31.0%  pme mesh/force 1.113
           Step           Time
         500000     1000.00000

Writing checkpoint, step 500000 at Sun May  1 09:51:47 2022


   Energies (kJ/mol)
           Bond          Angle    Proper Dih. Ryckaert-Bell.          LJ-14
    1.58093e+03    3.66724e+03    2.61871e+02    1.88050e+03    2.56414e+03
     Coulomb-14        LJ (SR)  Disper. corr.   Coulomb (SR)   Coul. recip.
    7.84316e+03    9.30869e+04   -4.55976e+03   -6.32820e+05    2.17975e+03
      Potential    Kinetic En.   Total Energy  Conserved En.    Temperature
   -5.24316e+05    8.55667e+04   -4.38749e+05   -4.33523e+05    2.99349e+02
 Pres. DC (bar) Pressure (bar)   Constr. rmsd
   -2.25520e+02   -1.55932e+02    3.09916e-06


Energy conservation over simulation part #1 of length 1000 ns, time 0 to 1000 ns
  Conserved energy drift: 1.94e-04 kJ/mol/ps per atom


	<======  ###############  ==>
	<====  A V E R A G E S  ====>
	<==  ###############  ======>

	Statistics over 500001 steps using 5001 frames

   Energies (kJ/mol)
           Bond          Angle    Proper Dih. Ryckaert-Bell.          LJ-14
    1.47306e+03    3.77003e+03    2.50985e+02    1.80347e+03    2.66365e+03
     Coulomb-14        LJ (SR)  Disper. corr.   Coulomb (SR)   Coul. recip.
    7.79119e+03    9.36523e+04   -4.55800e+03   -6.34027e+05    2.23368e+03
      Potential    Kinetic En.   Total Energy  Conserved En.    Temperature
   -5.24947e+05    8.57772e+04   -4.39170e+05   -4.36827e+05    3.00085e+02
 Pres. DC (bar) Pressure (bar)   Constr. rmsd
   -2.25347e+02    8.65232e-01    0.00000e+00

          Box-X          Box-Y          Box-Z
    6.95393e+00    6.95393e+00    6.95393e+00

   Total Virial (kJ/mol)
    2.85970e+04   -2.69500e+00   -1.52792e+01
   -2.77606e+00    2.85579e+04   -1.18835e+01
   -1.53803e+01   -1.18488e+01    2.86006e+04

   Pressure (bar)
    9.47096e-02   -4.34769e-01    2.35181e+00
   -4.26764e-01    3.75779e+00    3.49729e-01
    2.36180e+00    3.46310e-01   -1.25680e+00

      T-Protein  T-non-Protein
    3.00348e+02    3.00065e+02


       P P   -   P M E   L O A D   B A L A N C I N G

 PP/PME load balancing changed the cut-off and PME settings:
           particle-particle                    PME
            rcoulomb  rlist            grid      spacing   1/beta
   initial  1.000 nm  1.003 nm      44  44  44   0.158 nm  0.320 nm
   final    1.086 nm  1.089 nm      40  40  40   0.174 nm  0.348 nm
 cost-ratio           1.28             0.75
 (note that these numbers concern only part of the total PP and PME load)


	M E G A - F L O P S   A C C O U N T I N G

 NB=Group-cutoff nonbonded kernels    NxN=N-by-N cluster Verlet kernels
 RF=Reaction-Field  VdW=Van der Waals  QSTab=quadratic-spline table
 W3=SPC/TIP3p  W4=TIP4p (single or pairs)
 V&F=Potential and force  V=Potential only  F=Force only

 Computing:                               M-Number         M-Flops  % Flops
-----------------------------------------------------------------------------
 Pair Search distance check          211322.937620     1901906.439     0.2
 NxN Ewald Elec. + LJ [F]           7193677.537216   474782717.456    53.1
 NxN Ewald Elec. + LJ [V&F]           72677.748608     7776519.101     0.9
 NxN Ewald Elec. [F]                6257086.263648   381682262.083    42.7
 NxN Ewald Elec. [V&F]                63214.515840     5310019.331     0.6
 1,4 nonbonded interactions            2553.005106      229770.460     0.0
 Calc Weights                         50814.101628     1829307.659     0.2
 Spread Q Bspline                   1084034.168064     2168068.336     0.2
 Gather F Bspline                   1084034.168064     6504205.008     0.7
 3D-FFT                             1037384.037220     8299072.298     0.9
 Solve PME                            12912.097280      826374.226     0.1
 Reset In Box                           423.450000        1270.350     0.0
 CG-CoM                                 423.483876        1270.452     0.0
 Bonds                                  512.501025       30237.560     0.0
 Angles                                1773.503547      297948.596     0.0
 Propers                                213.000426       48777.098     0.0
 RB-Dihedrals                          1975.003950      487825.976     0.1
 Virial                                2557.851156       46041.321     0.0
 Stop-CM                                169.413876        1694.139     0.0
 Calc-Ekin                             3387.667752       91467.029     0.0
 Lincs                                  479.500959       28770.058     0.0
 Lincs-Mat                             2388.004776        9552.019     0.0
 Constraint-V                         16913.033826      152217.304     0.0
 Constraint-Vir                        1643.382867       39441.189     0.0
 Settle                                5318.010636     1967663.935     0.2
-----------------------------------------------------------------------------
 Total                                               894514399.421   100.0
-----------------------------------------------------------------------------


    D O M A I N   D E C O M P O S I T I O N   S T A T I S T I C S

 av. #atoms communicated per step for force:  2 x 245222.3


Dynamic load balancing report:
 DLB was off during the run due to low measured imbalance.
 Average load imbalance: 27.2%.
 The balanceable part of the MD step is 54%, load imbalance is computed from this.
 Part of the total run time spent waiting due to load imbalance: 14.7%.
 Average PME mesh/force load: 1.277
 Part of the total run time spent waiting due to PP/PME imbalance: 14.3 %

NOTE: 14.7 % of the available CPU time was lost due to load imbalance
      in the domain decomposition.
      Dynamic load balancing was automatically disabled, but it might be beneficial to manually tuning it on (option -dlb on.)
      You can also consider manually changing the decomposition (option -dd);
      e.g. by using fewer domains along the box dimension in which there is
      considerable inhomogeneity in the simulated system.
NOTE: 14.3 % performance was lost because the PME ranks
      had more work to do than the PP ranks.
      You might want to increase the number of PME ranks
      or increase the cut-off and the grid spacing.


     R E A L   C Y C L E   A N D   T I M E   A C C O U N T I N G

On 384 MPI ranks doing PP, and
on 128 MPI ranks doing PME

 Computing:          Num   Num      Call    Wall time         Giga-Cycles
                     Ranks Threads  Count      (s)         total sum    %
-----------------------------------------------------------------------------
 Domain decomp.       384    1      12500       2.276       1962.967   1.5
 DD comm. load        384    1        202       0.001          1.007   0.0
 Send X to PME        384    1     500001       0.550        474.533   0.4
 Neighbor search      384    1      12501       3.246       2799.074   2.1
 Comm. coord.         384    1     487500       9.104       7850.651   5.9
 Force                384    1     500001      49.465      42655.662  32.0
 Wait + Comm. F       384    1     500001      15.706      13544.047  10.2
 PME mesh *           128    1     500001      94.811      27253.193  20.5
 PME wait for PP *                             20.963       6025.652   4.5
 Wait + Recv. PME F   384    1     500001      21.217      18296.085  13.7
 NB X/F buffer ops.   384    1    1475001       2.124       1832.034   1.4
 Write traj.          384    1        101       0.053         45.314   0.0
 Update               384    1     500001       0.650        560.719   0.4
 Constraints          384    1     500001       1.164       1003.685   0.8
 Comm. energies       384    1      50001       9.283       8005.152   6.0
 Rest                                           1.027        885.475   0.7
-----------------------------------------------------------------------------
 Total                                        115.866     133221.872 100.0
-----------------------------------------------------------------------------
(*) Note that with separate PME ranks, the walltime column actually sums to
    twice the total reported, but the cycle count total and % are correct.
-----------------------------------------------------------------------------
 Breakdown of PME mesh computation
-----------------------------------------------------------------------------
 PME redist. X/F      128    1    1000002      33.082       9509.432   7.1
 PME spread           128    1     500001      11.818       3396.988   2.5
 PME gather           128    1     500001      10.720       3081.504   2.3
 PME 3D-FFT           128    1    1000002       4.419       1270.090   1.0
 PME 3D-FFT Comm.     128    1    2000004      34.014       9777.314   7.3
 PME solve Elec       128    1     500001       0.444        127.529   0.1
-----------------------------------------------------------------------------

NOTE: 6 % of the run time was spent communicating energies,
      you might want to increase some nst* mdp options

               Core t (s)   Wall t (s)        (%)
       Time:    59323.015      115.866    51199.6
                 (ns/day)    (hour/ns)
Performance:      745.689        0.032
Finished mdrun on rank 0 Sun May  1 09:51:47 2022

